[2021-10-15 08:41:49.386] [info] Loaded model Gait18 from file C:\Users\u0088756\Documents\FWO\Software\ExoSim\PredSim_2D\App\Gait18_Visual.osim
[2021-10-15 08:41:49.386] [warning] Couldn't find file 'sacrum.vtp'.
[2021-10-15 08:41:49.386] [warning] Couldn't find file 'pelvis.vtp'.
[2021-10-15 08:41:49.386] [warning] Couldn't find file 'l_pelvis.vtp'.
[2021-10-15 08:41:49.386] [warning] Couldn't find file 'femur_r.vtp'.
[2021-10-15 08:41:49.387] [warning] Couldn't find file 'tibia_r.vtp'.
[2021-10-15 08:41:49.387] [warning] Couldn't find file 'fibula.vtp'.
[2021-10-15 08:41:49.387] [warning] Couldn't find file 'talus.vtp'.
[2021-10-15 08:41:49.387] [warning] Couldn't find file 'foot.vtp'.
[2021-10-15 08:41:49.387] [warning] Couldn't find file 'bofoot.vtp'.
[2021-10-15 08:41:49.387] [warning] Couldn't find file 'femur_l.vtp'.
[2021-10-15 08:41:49.387] [warning] Couldn't find file 'tibia_l.vtp'.
[2021-10-15 08:41:49.388] [warning] Couldn't find file 'l_fibula.vtp'.
[2021-10-15 08:41:49.388] [warning] Couldn't find file 'l_talus.vtp'.
[2021-10-15 08:41:49.388] [warning] Couldn't find file 'l_foot.vtp'.
[2021-10-15 08:41:49.388] [warning] Couldn't find file 'l_bofoot.vtp'.
[2021-10-15 08:41:49.388] [warning] Couldn't find file 'hat_spine.vtp'.
[2021-10-15 08:41:49.388] [warning] Couldn't find file 'hat_jaw.vtp'.
[2021-10-15 08:41:49.388] [warning] Couldn't find file 'hat_skull.vtp'.
[2021-10-15 08:41:49.388] [warning] Couldn't find file 'hat_ribs.vtp'.
[2021-10-15 08:43:16.210] [info] Loaded model Gait18 from file C:\Users\u0088756\Documents\FWO\Software\ExoSim\PredSim_2D\App\Gait18_Visual.osim
[2021-10-15 08:43:16.211] [warning] Couldn't find file 'sacrum.vtp'.
[2021-10-15 08:43:16.211] [warning] Couldn't find file 'pelvis.vtp'.
[2021-10-15 08:43:16.211] [warning] Couldn't find file 'l_pelvis.vtp'.
[2021-10-15 08:43:16.211] [warning] Couldn't find file 'femur_r.vtp'.
[2021-10-15 08:43:16.211] [warning] Couldn't find file 'tibia_r.vtp'.
[2021-10-15 08:43:16.211] [warning] Couldn't find file 'fibula.vtp'.
[2021-10-15 08:43:16.211] [warning] Couldn't find file 'talus.vtp'.
[2021-10-15 08:43:16.212] [warning] Couldn't find file 'foot.vtp'.
[2021-10-15 08:43:16.212] [warning] Couldn't find file 'bofoot.vtp'.
[2021-10-15 08:43:16.212] [warning] Couldn't find file 'femur_l.vtp'.
[2021-10-15 08:43:16.212] [warning] Couldn't find file 'tibia_l.vtp'.
[2021-10-15 08:43:16.212] [warning] Couldn't find file 'l_fibula.vtp'.
[2021-10-15 08:43:16.212] [warning] Couldn't find file 'l_talus.vtp'.
[2021-10-15 08:43:16.212] [warning] Couldn't find file 'l_foot.vtp'.
[2021-10-15 08:43:16.212] [warning] Couldn't find file 'l_bofoot.vtp'.
[2021-10-15 08:43:16.212] [warning] Couldn't find file 'hat_spine.vtp'.
[2021-10-15 08:43:16.212] [warning] Couldn't find file 'hat_jaw.vtp'.
[2021-10-15 08:43:16.213] [warning] Couldn't find file 'hat_skull.vtp'.
[2021-10-15 08:43:16.213] [warning] Couldn't find file 'hat_ribs.vtp'.
[2021-10-15 08:45:18.989] [info] Loaded model Gait18 from file C:\Users\u0088756\Documents\FWO\Software\ExoSim\PredSim_2D\App\Gait18_Visual.osim
[2021-10-15 08:45:18.989] [warning] Couldn't find file 'sacrum.vtp'.
[2021-10-15 08:45:18.989] [warning] Couldn't find file 'pelvis.vtp'.
[2021-10-15 08:45:18.989] [warning] Couldn't find file 'l_pelvis.vtp'.
[2021-10-15 08:45:18.989] [warning] Couldn't find file 'femur_r.vtp'.
[2021-10-15 08:45:18.990] [warning] Couldn't find file 'tibia_r.vtp'.
[2021-10-15 08:45:18.990] [warning] Couldn't find file 'fibula.vtp'.
[2021-10-15 08:45:18.990] [warning] Couldn't find file 'talus.vtp'.
[2021-10-15 08:45:18.990] [warning] Couldn't find file 'foot.vtp'.
[2021-10-15 08:45:18.990] [warning] Couldn't find file 'bofoot.vtp'.
[2021-10-15 08:45:18.990] [warning] Couldn't find file 'femur_l.vtp'.
[2021-10-15 08:45:18.990] [warning] Couldn't find file 'tibia_l.vtp'.
[2021-10-15 08:45:18.990] [warning] Couldn't find file 'l_fibula.vtp'.
[2021-10-15 08:45:18.990] [warning] Couldn't find file 'l_talus.vtp'.
[2021-10-15 08:45:18.990] [warning] Couldn't find file 'l_foot.vtp'.
[2021-10-15 08:45:18.990] [warning] Couldn't find file 'l_bofoot.vtp'.
[2021-10-15 08:45:18.991] [warning] Couldn't find file 'hat_spine.vtp'.
[2021-10-15 08:45:18.991] [warning] Couldn't find file 'hat_jaw.vtp'.
[2021-10-15 08:45:18.991] [warning] Couldn't find file 'hat_skull.vtp'.
[2021-10-15 08:45:18.991] [warning] Couldn't find file 'hat_ribs.vtp'.
[2021-10-15 08:48:00.625] [info] Loaded model Gait18 from file C:\Users\u0088756\Documents\FWO\Software\ExoSim\PredSim_2D\App\Gait18_Visual.osim
[2021-10-15 08:52:09.859] [info] Loaded model Gait18 from file C:\Users\u0088756\Documents\FWO\Software\ExoSim\PredSim_2D\App\Gait18_Visual.osim
[2021-10-15 08:53:29.635] [info] Loaded model subject1_scaled from file Gait18_Antoine2.osim
[2021-10-15 08:57:50.065] [info] Loaded model Gait18 from file C:\Users\u0088756\Documents\FWO\Software\ExoSim\PredSim_2D\App\Gait18_Visual.osim
[2021-10-15 08:58:30.878] [info] Loaded model Gait18 from file C:\Users\u0088756\Documents\FWO\Software\ExoSim\PredSim_2D\OpenSimModel\Gait18_shorterHamstring.osim
[2021-10-15 08:58:31.116] [info] Loaded model Gait18 from file C:\Users\u0088756\Documents\FWO\Software\ExoSim\PredSim_2D\OpenSimModel\ModelDagWetenschap.osim
[2021-10-15 09:00:02.166] [info] Loaded model Gait18 from file C:\Users\u0088756\Documents\FWO\Software\ExoSim\PredSim_2D\App\Gait18_Visual.osim
[2021-10-15 09:00:40.890] [info] Loaded model Gait18 from file C:\Users\u0088756\Documents\FWO\Software\ExoSim\PredSim_2D\OpenSimModel\Gait18_shorterHamstring.osim
[2021-10-15 09:00:40.979] [info] Loaded model Gait18 from file C:\Users\u0088756\Documents\FWO\Software\ExoSim\PredSim_2D\OpenSimModel\ModelDagWetenschap.osim
[2021-10-15 09:01:37.309] [info] Loaded model Gait18 from file C:\Users\u0088756\Documents\FWO\Software\ExoSim\PredSim_2D\OpenSimModel\Gait18_shorterHamstring.osim
[2021-10-15 09:01:37.368] [info] Loaded model Gait18 from file C:\Users\u0088756\Documents\FWO\Software\ExoSim\PredSim_2D\OpenSimModel\ModelDagWetenschap.osim
[2021-10-15 09:05:39.923] [info] Loaded model Gait18 from file C:\Users\u0088756\Documents\FWO\Software\ExoSim\PredSim_2D\App\Gait18_Visual.osim
[2021-10-15 09:07:10.619] [info] Loaded model Gait18 from file C:\Users\u0088756\Documents\FWO\Software\ExoSim\PredSim_2D\App\Gait18_Visual.osim
[2021-10-15 09:07:45.010] [info] Loaded model Gait18 from file C:\Users\u0088756\Documents\FWO\Software\ExoSim\PredSim_2D\App\Gait18_Visual.osim
[2021-10-15 09:08:10.873] [info] Loaded model Gait18 from file C:\Users\u0088756\Documents\FWO\Software\ExoSim\PredSim_2D\OpenSimModel\Gait18_shorterHamstring.osim
[2021-10-15 09:08:10.933] [info] Loaded model Gait18 from file C:\Users\u0088756\Documents\FWO\Software\ExoSim\PredSim_2D\OpenSimModel\ModelDagWetenschap.osim
[2021-10-15 09:09:23.247] [info] Loaded model Gait18 from file C:\Users\u0088756\Documents\FWO\Software\ExoSim\PredSim_2D\OpenSimModel\Gait18_shorterHamstring.osim
[2021-10-15 09:09:23.307] [info] Loaded model Gait18 from file C:\Users\u0088756\Documents\FWO\Software\ExoSim\PredSim_2D\OpenSimModel\ModelDagWetenschap.osim
[2021-10-15 09:27:16.730] [info] Loaded model Gait18 from file C:\Users\u0088756\Documents\FWO\Software\ExoSim\PredSim_2D\App\Gait18_Visual.osim
[2021-10-15 09:27:47.155] [info] Loaded model Gait18 from file C:\Users\u0088756\Documents\FWO\Software\ExoSim\PredSim_2D\OpenSimModel\Gait18_shorterHamstring.osim
[2021-10-15 09:27:47.218] [info] Loaded model Gait18 from file C:\Users\u0088756\Documents\FWO\Software\ExoSim\PredSim_2D\OpenSimModel\ModelDagWetenschap.osim
[2021-10-15 09:28:58.002] [info] Loaded model Gait18 from file C:\Users\u0088756\Documents\FWO\Software\ExoSim\PredSim_2D\OpenSimModel\Gait18_shorterHamstring.osim
[2021-10-15 09:28:58.061] [info] Loaded model Gait18 from file C:\Users\u0088756\Documents\FWO\Software\ExoSim\PredSim_2D\OpenSimModel\ModelDagWetenschap.osim
[2021-10-15 14:06:09.791] [info] Loaded model Gait18 from file C:\Users\u0088756\Documents\FWO\Software\ExoSim\PredSim_2D\App\Gait18_Visual.osim
[2021-10-15 14:06:13.970] [info] Loaded model Gait18 from file C:\Users\u0088756\Documents\FWO\Software\ExoSim\PredSim_2D\OpenSimModel\Gait18_shorterHamstring.osim
[2021-10-15 14:06:14.166] [info] Loaded model Gait18 from file C:\Users\u0088756\Documents\FWO\Software\ExoSim\PredSim_2D\OpenSimModel\ModelDagWetenschap.osim
[2021-10-15 14:08:22.311] [info] Loaded model Gait18 from file C:\Users\u0088756\Documents\FWO\Software\ExoSim\PredSim_2D\OpenSimModel\Gait18_shorterHamstring.osim
[2021-10-15 14:08:22.368] [info] Loaded model Gait18 from file C:\Users\u0088756\Documents\FWO\Software\ExoSim\PredSim_2D\OpenSimModel\ModelDagWetenschap.osim
[2021-10-15 14:09:23.368] [info] Loaded model Gait18 from file C:\Users\u0088756\Documents\FWO\Software\ExoSim\PredSim_2D\OpenSimModel\Gait18_shorterHamstring.osim
[2021-10-15 14:09:23.427] [info] Loaded model Gait18 from file C:\Users\u0088756\Documents\FWO\Software\ExoSim\PredSim_2D\OpenSimModel\ModelDagWetenschap.osim
[2021-10-15 14:10:00.216] [info] Loaded model Gait18 from file C:\Users\u0088756\Documents\FWO\Software\ExoSim\PredSim_2D\OpenSimModel\Gait18_shorterHamstring.osim
[2021-10-15 14:10:00.274] [info] Loaded model Gait18 from file C:\Users\u0088756\Documents\FWO\Software\ExoSim\PredSim_2D\OpenSimModel\ModelDagWetenschap.osim
[2021-10-15 14:10:40.424] [info] Loaded model Gait18 from file C:\Users\u0088756\Documents\FWO\Software\ExoSim\PredSim_2D\OpenSimModel\Gait18_shorterHamstring.osim
[2021-10-15 14:10:40.491] [info] Loaded model Gait18 from file C:\Users\u0088756\Documents\FWO\Software\ExoSim\PredSim_2D\OpenSimModel\ModelDagWetenschap.osim
[2021-10-15 14:11:18.808] [info] Loaded model Gait18 from file C:\Users\u0088756\Documents\FWO\Software\ExoSim\PredSim_2D\OpenSimModel\Gait18_shorterHamstring.osim
[2021-10-15 14:11:18.874] [info] Loaded model Gait18 from file C:\Users\u0088756\Documents\FWO\Software\ExoSim\PredSim_2D\OpenSimModel\ModelDagWetenschap.osim
[2021-10-15 14:12:01.397] [info] Loaded model Gait18 from file C:\Users\u0088756\Documents\FWO\Software\ExoSim\PredSim_2D\OpenSimModel\Gait18_shorterHamstring.osim
[2021-10-15 14:12:01.463] [info] Loaded model Gait18 from file C:\Users\u0088756\Documents\FWO\Software\ExoSim\PredSim_2D\OpenSimModel\ModelDagWetenschap.osim
[2021-10-15 14:12:36.416] [info] Loaded model Gait18 from file C:\Users\u0088756\Documents\FWO\Software\ExoSim\PredSim_2D\OpenSimModel\Gait18_shorterHamstring.osim
[2021-10-15 14:12:36.474] [info] Loaded model Gait18 from file C:\Users\u0088756\Documents\FWO\Software\ExoSim\PredSim_2D\OpenSimModel\ModelDagWetenschap.osim
[2021-10-15 14:13:15.491] [info] Loaded model Gait18 from file C:\Users\u0088756\Documents\FWO\Software\ExoSim\PredSim_2D\OpenSimModel\Gait18_shorterHamstring.osim
[2021-10-15 14:13:15.556] [info] Loaded model Gait18 from file C:\Users\u0088756\Documents\FWO\Software\ExoSim\PredSim_2D\OpenSimModel\ModelDagWetenschap.osim
[2021-10-15 14:14:32.523] [info] Loaded model Gait18 from file C:\Users\u0088756\Documents\FWO\Software\ExoSim\PredSim_2D\OpenSimModel\Gait18_shorterHamstring.osim
[2021-10-15 14:14:32.580] [info] Loaded model Gait18 from file C:\Users\u0088756\Documents\FWO\Software\ExoSim\PredSim_2D\OpenSimModel\ModelDagWetenschap.osim
[2021-10-15 14:15:34.355] [info] Loaded model Gait18 from file C:\Users\u0088756\Documents\FWO\Software\ExoSim\PredSim_2D\App\Gait18_Visual.osim
[2021-10-15 14:15:36.499] [info] Loaded model Gait18 from file C:\Users\u0088756\Documents\FWO\Software\ExoSim\PredSim_2D\OpenSimModel\Gait18_shorterHamstring.osim
[2021-10-15 14:15:36.561] [info] Loaded model Gait18 from file C:\Users\u0088756\Documents\FWO\Software\ExoSim\PredSim_2D\OpenSimModel\ModelDagWetenschap.osim
[2021-10-15 14:17:23.461] [info] Loaded model Gait18 from file C:\Users\u0088756\Documents\FWO\Software\ExoSim\PredSim_2D\App\Gait18_Visual.osim
[2021-10-15 14:17:28.022] [info] Loaded model Gait18 from file C:\Users\u0088756\Documents\FWO\Software\ExoSim\PredSim_2D\OpenSimModel\Gait18_shorterHamstring.osim
[2021-10-15 14:17:28.082] [info] Loaded model Gait18 from file C:\Users\u0088756\Documents\FWO\Software\ExoSim\PredSim_2D\OpenSimModel\ModelDagWetenschap.osim
[2021-10-18 11:52:53.940] [info] Loaded model Gait18 from file C:\Users\u0088756\Documents\FWO\Software\ExoSim\PredSim_2D\App\Gait18_Visual.osim
[2021-10-18 11:55:03.958] [info] Loaded model Gait18 from file C:\Users\u0088756\Documents\FWO\Software\ExoSim\PredSim_2D\App\Gait18_Visual.osim
[2021-10-18 11:55:11.123] [info] Loaded model Gait18 from file C:\Users\u0088756\Documents\FWO\Software\ExoSim\PredSim_2D\OpenSimModel\Gait18_shorterHamstring.osim
[2021-10-18 11:55:11.433] [info] Loaded model Gait18 from file C:\Users\u0088756\Documents\FWO\Software\ExoSim\PredSim_2D\OpenSimModel\ModelDagWetenschap.osim
[2021-10-18 15:51:43.598] [info] Loaded model Gait18 from file C:\Users\u0088756\Documents\FWO\Software\ExoSim\PredSim_2D\App\Gait18_Visual.osim
[2021-10-18 15:51:51.489] [info] Loaded model Gait18 from file C:\Users\u0088756\Documents\FWO\Software\ExoSim\PredSim_2D\OpenSimModel\Gait18_shorterHamstring.osim
[2021-10-18 15:51:51.556] [info] Loaded model Gait18 from file C:\Users\u0088756\Documents\FWO\Software\ExoSim\PredSim_2D\OpenSimModel\ModelDagWetenschap.osim
[2021-10-18 15:54:27.730] [info] Loaded model Gait18 from file C:\Users\u0088756\Documents\FWO\Software\ExoSim\PredSim_2D\OpenSimModel\Gait18_shorterHamstring.osim
[2021-10-18 15:54:27.794] [info] Loaded model Gait18 from file C:\Users\u0088756\Documents\FWO\Software\ExoSim\PredSim_2D\OpenSimModel\ModelDagWetenschap.osim
[2021-10-18 15:55:27.994] [info] Loaded model Gait18 from file C:\Users\u0088756\Documents\FWO\Software\ExoSim\PredSim_2D\OpenSimModel\Gait18_shorterHamstring.osim
[2021-10-18 15:55:28.053] [info] Loaded model Gait18 from file C:\Users\u0088756\Documents\FWO\Software\ExoSim\PredSim_2D\OpenSimModel\ModelDagWetenschap.osim
[2021-10-18 15:56:51.889] [info] Loaded model Gait18 from file C:\Users\u0088756\Documents\FWO\Software\ExoSim\PredSim_2D\OpenSimModel\Gait18_shorterHamstring.osim
[2021-10-18 15:56:51.956] [info] Loaded model Gait18 from file C:\Users\u0088756\Documents\FWO\Software\ExoSim\PredSim_2D\OpenSimModel\ModelDagWetenschap.osim
[2021-10-18 15:57:35.722] [info] Loaded model Gait18 from file C:\Users\u0088756\Documents\FWO\Software\ExoSim\PredSim_2D\OpenSimModel\Gait18_shorterHamstring.osim
[2021-10-18 15:57:35.783] [info] Loaded model Gait18 from file C:\Users\u0088756\Documents\FWO\Software\ExoSim\PredSim_2D\OpenSimModel\ModelDagWetenschap.osim
[2021-10-18 15:58:27.693] [info] Loaded model Gait18 from file C:\Users\u0088756\Documents\FWO\Software\ExoSim\PredSim_2D\OpenSimModel\Gait18_shorterHamstring.osim
[2021-10-18 15:58:27.763] [info] Loaded model Gait18 from file C:\Users\u0088756\Documents\FWO\Software\ExoSim\PredSim_2D\OpenSimModel\ModelDagWetenschap.osim
[2021-10-18 15:59:04.155] [info] Loaded model Gait18 from file C:\Users\u0088756\Documents\FWO\Software\ExoSim\PredSim_2D\OpenSimModel\Gait18_shorterHamstring.osim
[2021-10-18 15:59:04.219] [info] Loaded model Gait18 from file C:\Users\u0088756\Documents\FWO\Software\ExoSim\PredSim_2D\OpenSimModel\ModelDagWetenschap.osim
[2021-10-18 15:59:59.073] [info] Loaded model Gait18 from file C:\Users\u0088756\Documents\FWO\Software\ExoSim\PredSim_2D\OpenSimModel\Gait18_shorterHamstring.osim
[2021-10-18 15:59:59.131] [info] Loaded model Gait18 from file C:\Users\u0088756\Documents\FWO\Software\ExoSim\PredSim_2D\OpenSimModel\ModelDagWetenschap.osim
[2021-10-18 16:01:07.185] [info] Loaded model Gait18 from file C:\Users\u0088756\Documents\FWO\Software\ExoSim\PredSim_2D\OpenSimModel\Gait18_shorterHamstring.osim
[2021-10-18 16:01:07.241] [info] Loaded model Gait18 from file C:\Users\u0088756\Documents\FWO\Software\ExoSim\PredSim_2D\OpenSimModel\ModelDagWetenschap.osim
[2021-10-18 16:01:50.548] [info] Loaded model Gait18 from file C:\Users\u0088756\Documents\FWO\Software\ExoSim\PredSim_2D\OpenSimModel\Gait18_shorterHamstring.osim
[2021-10-18 16:01:50.603] [info] Loaded model Gait18 from file C:\Users\u0088756\Documents\FWO\Software\ExoSim\PredSim_2D\OpenSimModel\ModelDagWetenschap.osim
[2021-10-18 16:02:32.688] [info] Loaded model Gait18 from file C:\Users\u0088756\Documents\FWO\Software\ExoSim\PredSim_2D\OpenSimModel\Gait18_shorterHamstring.osim
[2021-10-18 16:02:32.746] [info] Loaded model Gait18 from file C:\Users\u0088756\Documents\FWO\Software\ExoSim\PredSim_2D\OpenSimModel\ModelDagWetenschap.osim
[2021-10-18 16:03:41.403] [info] Loaded model Gait18 from file C:\Users\u0088756\Documents\FWO\Software\ExoSim\PredSim_2D\OpenSimModel\Gait18_shorterHamstring.osim
[2021-10-18 16:03:41.461] [info] Loaded model Gait18 from file C:\Users\u0088756\Documents\FWO\Software\ExoSim\PredSim_2D\OpenSimModel\ModelDagWetenschap.osim
[2021-10-18 16:04:04.235] [info] Loaded model Gait18 from file C:\Users\u0088756\Documents\FWO\Software\ExoSim\PredSim_2D\OpenSimModel\Gait18_shorterHamstring.osim
[2021-10-18 16:04:04.293] [info] Loaded model Gait18 from file C:\Users\u0088756\Documents\FWO\Software\ExoSim\PredSim_2D\OpenSimModel\ModelDagWetenschap.osim
[2021-10-18 16:14:30.574] [info] Updating Model file from 30000 to latest format...
[2021-10-18 16:14:30.594] [info] Loaded model gait10dof18musc.osim from file C:\Users\u0088756\Documents\OpenSim\43\Models\Gait10dof18musc\gait10dof18musc.osim
[2021-10-18 16:14:30.594] [warning] Couldn't find file 'sacrum.vtp'.
[2021-10-18 16:14:30.594] [warning] Couldn't find file 'pelvis.vtp'.
[2021-10-18 16:14:30.595] [warning] Couldn't find file 'l_pelvis.vtp'.
[2021-10-18 16:14:30.595] [warning] Couldn't find file 'femur_r.vtp'.
[2021-10-18 16:14:30.595] [warning] Couldn't find file 'tibia_r.vtp'.
[2021-10-18 16:14:30.595] [warning] Couldn't find file 'fibula.vtp'.
[2021-10-18 16:14:30.595] [warning] Couldn't find file 'talus.vtp'.
[2021-10-18 16:14:30.595] [warning] Couldn't find file 'foot.vtp'.
[2021-10-18 16:14:30.595] [warning] Couldn't find file 'bofoot.vtp'.
[2021-10-18 16:14:30.596] [warning] Couldn't find file 'femur_l.vtp'.
[2021-10-18 16:14:30.596] [warning] Couldn't find file 'tibia_l.vtp'.
[2021-10-18 16:14:30.596] [warning] Couldn't find file 'l_fibula.vtp'.
[2021-10-18 16:14:30.596] [warning] Couldn't find file 'l_talus.vtp'.
[2021-10-18 16:14:30.596] [warning] Couldn't find file 'l_foot.vtp'.
[2021-10-18 16:14:30.596] [warning] Couldn't find file 'l_bofoot.vtp'.
[2021-10-18 16:14:30.596] [warning] Couldn't find file 'hat_spine.vtp'.
[2021-10-18 16:14:30.597] [warning] Couldn't find file 'hat_jaw.vtp'.
[2021-10-18 16:14:30.597] [warning] Couldn't find file 'hat_skull.vtp'.
[2021-10-18 16:14:30.597] [warning] Couldn't find file 'hat_ribs.vtp'.
[2021-10-18 16:14:30.597] [info] ControllerSet 'Controllers' was renamed and is being reset to 'controllerset'.
[2021-10-18 16:14:30.612] [info] ComponentSet 'MiscComponents' was renamed and is being reset to 'componentset'.
[2021-10-18 16:15:05.974] [info] Updating Model file from 30000 to latest format...
[2021-10-18 16:15:05.994] [info] Loaded model gait10dof18musc.osim from file C:\Users\u0088756\Documents\OpenSim\43\Models\Gait10dof18musc\gait10dof18musc.osim
[2021-10-18 16:15:05.994] [warning] Couldn't find file 'sacrum.vtp'.
[2021-10-18 16:15:05.994] [warning] Couldn't find file 'pelvis.vtp'.
[2021-10-18 16:15:05.995] [warning] Couldn't find file 'l_pelvis.vtp'.
[2021-10-18 16:15:05.995] [warning] Couldn't find file 'femur_r.vtp'.
[2021-10-18 16:15:05.995] [warning] Couldn't find file 'tibia_r.vtp'.
[2021-10-18 16:15:05.995] [warning] Couldn't find file 'fibula.vtp'.
[2021-10-18 16:15:05.995] [warning] Couldn't find file 'talus.vtp'.
[2021-10-18 16:15:05.995] [warning] Couldn't find file 'foot.vtp'.
[2021-10-18 16:15:05.995] [warning] Couldn't find file 'bofoot.vtp'.
[2021-10-18 16:15:05.996] [warning] Couldn't find file 'femur_l.vtp'.
[2021-10-18 16:15:05.996] [warning] Couldn't find file 'tibia_l.vtp'.
[2021-10-18 16:15:05.996] [warning] Couldn't find file 'l_fibula.vtp'.
[2021-10-18 16:15:05.996] [warning] Couldn't find file 'l_talus.vtp'.
[2021-10-18 16:15:05.996] [warning] Couldn't find file 'l_foot.vtp'.
[2021-10-18 16:15:05.996] [warning] Couldn't find file 'l_bofoot.vtp'.
[2021-10-18 16:15:05.996] [warning] Couldn't find file 'hat_spine.vtp'.
[2021-10-18 16:15:05.997] [warning] Couldn't find file 'hat_jaw.vtp'.
[2021-10-18 16:15:05.997] [warning] Couldn't find file 'hat_skull.vtp'.
[2021-10-18 16:15:05.997] [warning] Couldn't find file 'hat_ribs.vtp'.
[2021-10-18 16:15:05.997] [info] ControllerSet 'Controllers' was renamed and is being reset to 'controllerset'.
[2021-10-18 16:15:06.014] [info] ComponentSet 'MiscComponents' was renamed and is being reset to 'componentset'.
[2021-10-18 16:21:25.076] [info] Updating Model file from 30000 to latest format...
[2021-10-18 16:21:25.096] [info] Loaded model gait10dof18musc.osim from file C:\Users\u0088756\Documents\OpenSim\43\Models\Gait10dof18musc\gait10dof18musc.osim
[2021-10-18 16:21:25.217] [info] ControllerSet 'Controllers' was renamed and is being reset to 'controllerset'.
[2021-10-18 16:21:25.232] [info] ComponentSet 'MiscComponents' was renamed and is being reset to 'componentset'.
[2021-10-18 16:21:25.389] [info] Loaded model Gait18 from file C:\Users\u0088756\Documents\FWO\Software\ExoSim\PredSim_2D\OpenSimModel\Gait18_shorterHamstring.osim
[2021-10-18 16:40:57.484] [info] Updating Model file from 30000 to latest format...
[2021-10-18 16:40:57.505] [info] Loaded model gait10dof18musc.osim from file C:\Users\u0088756\Documents\OpenSim\43\Models\Gait10dof18musc\gait10dof18musc.osim
[2021-10-18 16:40:57.508] [info] ControllerSet 'Controllers' was renamed and is being reset to 'controllerset'.
[2021-10-18 16:40:57.523] [info] ComponentSet 'MiscComponents' was renamed and is being reset to 'componentset'.
[2021-10-18 16:40:57.545] [info] Loaded model Gait18 from file C:\Users\u0088756\Documents\FWO\Software\ExoSim\PredSim_2D\OpenSimModel\Gait18_shorterHamstring.osim
[2021-10-18 16:41:10.721] [info] Updating Model file from 30000 to latest format...
[2021-10-18 16:41:10.742] [info] Loaded model gait10dof18musc.osim from file C:\Users\u0088756\Documents\OpenSim\43\Models\Gait10dof18musc\gait10dof18musc.osim
[2021-10-18 16:41:10.745] [info] ControllerSet 'Controllers' was renamed and is being reset to 'controllerset'.
[2021-10-18 16:41:10.761] [info] ComponentSet 'MiscComponents' was renamed and is being reset to 'componentset'.
[2021-10-18 16:41:11.073] [info] Loaded model Gait18 from file C:\Users\u0088756\Documents\FWO\Software\ExoSim\PredSim_2D\OpenSimModel\Gait18_shorterHamstring.osim
[2021-10-18 16:44:17.930] [info] Loaded model subject1_scaled from file Gait18_vOsim43.osim
[2021-10-18 16:45:02.430] [info] Loaded model subject1_scaled from file Gait18_vOsim43.osim
[2021-10-18 16:45:07.107] [info] Loaded model subject1_scaled from file Gait18_vOsim43.osim
[2021-10-18 16:46:05.400] [info] Updating Model file from 30000 to latest format...
[2021-10-18 16:46:05.432] [info] Loaded model gait10dof18musc.osim from file gait10dof18musc_OsimInstall.osim
[2021-10-18 16:46:05.435] [info] ControllerSet 'Controllers' was renamed and is being reset to 'controllerset'.
[2021-10-18 16:46:05.452] [info] ComponentSet 'MiscComponents' was renamed and is being reset to 'componentset'.
[2021-11-04 15:13:50.730] [info] Loaded model Gait18 from file C:\Users\u0088756\Documents\FWO\Software\GitProjects\Runner2D\App\Gait18_Visual.osim
[2021-11-04 15:13:56.469] [info] Loaded model Gait18 from file C:\Users\u0088756\Documents\FWO\Software\GitProjects\Runner2D\OpenSimModel\Gait18_shorterHamstring.osim
[2021-11-04 15:13:56.768] [info] Loaded model Gait18 from file C:\Users\u0088756\Documents\FWO\Software\GitProjects\Runner2D\OpenSimModel\ModelDagWetenschap.osim
[2021-11-04 15:18:18.424] [info] Loaded model Gait18 from file C:\Users\u0088756\Documents\FWO\Software\GitProjects\Runner2D\OpenSimModel\Gait18_shorterHamstring.osim
[2021-11-04 15:18:18.505] [info] Loaded model Gait18 from file C:\Users\u0088756\Documents\FWO\Software\GitProjects\Runner2D\OpenSimModel\ModelDagWetenschap.osim
[2021-11-04 16:01:44.181] [info] Loaded model Gait18 from file C:\Users\u0088756\Documents\FWO\Software\GitProjects\Runner2D\App\Gait18_Visual.osim
[2021-11-04 16:07:01.826] [info] Loaded model Gait18 from file C:\Users\u0088756\Documents\FWO\Software\GitProjects\Runner2D\App\Gait18_Visual.osim
[2021-11-04 16:07:04.645] [info] Loaded model Gait18 from file C:\Users\u0088756\Documents\FWO\Software\GitProjects\Runner2D\OpenSimModel\Gait18_shorterHamstring.osim
[2021-11-04 16:08:14.733] [info] Loaded model Gait18 from file C:\Users\u0088756\Documents\FWO\Software\GitProjects\Runner2D\OpenSimModel\Gait18_shorterHamstring.osim
[2021-11-04 16:08:14.936] [info] Loaded model Gait18 from file C:\Users\u0088756\Documents\FWO\Software\GitProjects\Runner2D\OpenSimModel\ModelDagWetenschap.osim
[2021-11-04 16:09:11.609] [info] Loaded model Gait18 from file C:\Users\u0088756\Documents\FWO\Software\GitProjects\Runner2D\OpenSimModel\Gait18_shorterHamstring.osim
[2021-11-04 16:09:11.691] [info] Loaded model Gait18 from file C:\Users\u0088756\Documents\FWO\Software\GitProjects\Runner2D\OpenSimModel\ModelDagWetenschap.osim
[2021-11-04 16:10:53.332] [info] Loaded model Gait18 from file C:\Users\u0088756\Documents\FWO\Software\GitProjects\Runner2D\App\Gait18_Visual.osim
[2021-11-04 16:10:56.120] [info] Loaded model Gait18 from file C:\Users\u0088756\Documents\FWO\Software\GitProjects\Runner2D\OpenSimModel\Gait18_shorterHamstring.osim
[2021-11-04 16:10:56.200] [info] Loaded model Gait18 from file C:\Users\u0088756\Documents\FWO\Software\GitProjects\Runner2D\OpenSimModel\ModelDagWetenschap.osim
[2021-11-04 16:12:10.686] [info] Loaded model Gait18 from file C:\Users\u0088756\Documents\FWO\Software\GitProjects\Runner2D\App\Gait18_Visual.osim
[2021-11-04 16:12:16.573] [info] Loaded model Gait18 from file C:\Users\u0088756\Documents\FWO\Software\GitProjects\Runner2D\OpenSimModel\Gait18_shorterHamstring.osim
[2021-11-04 16:12:16.652] [info] Loaded model Gait18 from file C:\Users\u0088756\Documents\FWO\Software\GitProjects\Runner2D\OpenSimModel\ModelDagWetenschap.osim
[2021-11-04 16:12:57.501] [info] Loaded model Gait18 from file C:\Users\u0088756\Documents\FWO\Software\GitProjects\Runner2D\OpenSimModel\Gait18_shorterHamstring.osim
[2021-11-04 16:12:57.588] [info] Loaded model Gait18 from file C:\Users\u0088756\Documents\FWO\Software\GitProjects\Runner2D\OpenSimModel\ModelDagWetenschap.osim
[2021-11-04 16:13:46.211] [info] Loaded model Gait18 from file C:\Users\u0088756\Documents\FWO\Software\GitProjects\Runner2D\OpenSimModel\Gait18_shorterHamstring.osim
[2021-11-04 16:13:46.291] [info] Loaded model Gait18 from file C:\Users\u0088756\Documents\FWO\Software\GitProjects\Runner2D\OpenSimModel\ModelDagWetenschap.osim
[2021-11-04 16:18:20.449] [info] Loaded model Gait18 from file C:\Users\u0088756\Documents\FWO\Software\GitProjects\Runner2D\OpenSimModel\Gait18_shorterHamstring.osim
[2021-11-04 16:18:20.541] [info] Loaded model Gait18 from file C:\Users\u0088756\Documents\FWO\Software\GitProjects\Runner2D\OpenSimModel\ModelDagWetenschap.osim
[2021-11-04 16:36:55.821] [info] Loaded model Gait18 from file C:\Users\u0088756\Documents\FWO\Software\GitProjects\Runner2D\App\Gait18_Visual.osim
[2021-11-04 16:39:20.797] [info] Loaded model Gait18 from file C:\Users\u0088756\Documents\FWO\Software\GitProjects\Runner2D\App\Gait18_Visual.osim
[2021-11-04 16:40:43.645] [info] Loaded model Gait18 from file C:\Users\u0088756\Documents\FWO\Software\GitProjects\Runner2D\App\Gait18_Visual.osim
[2021-11-04 16:40:52.133] [info] Loaded model Gait18 from file C:\Users\u0088756\Documents\FWO\Software\GitProjects\Runner2D\OpenSimModel\Gait18_shorterHamstring.osim
[2021-11-04 16:40:52.220] [info] Loaded model Gait18 from file C:\Users\u0088756\Documents\FWO\Software\GitProjects\Runner2D\OpenSimModel\ModelDagWetenschap.osim
