[2021-10-12 16:54:52.897] [info] Loaded model subject1_scaled from file C:\Users\u0088756\Documents\FWO\Software\ExoSim\PredSim_2D\OpenSimModel\Gait18_Antoine2.osim
[2021-10-12 16:54:52.898] [warning] Couldn't find file 'sacrum.vtp'.
[2021-10-12 16:54:52.898] [warning] Couldn't find file 'pelvis.vtp'.
[2021-10-12 16:54:52.898] [warning] Couldn't find file 'l_pelvis.vtp'.
[2021-10-12 16:54:52.899] [warning] Couldn't find file 'femur_r.vtp'.
[2021-10-12 16:54:52.899] [warning] Couldn't find file 'tibia_r.vtp'.
[2021-10-12 16:54:52.899] [warning] Couldn't find file 'fibula.vtp'.
[2021-10-12 16:54:52.899] [warning] Couldn't find file 'talus.vtp'.
[2021-10-12 16:54:52.899] [warning] Couldn't find file 'foot.vtp'.
[2021-10-12 16:54:52.899] [warning] Couldn't find file 'bofoot.vtp'.
[2021-10-12 16:54:52.899] [warning] Couldn't find file 'femur_l.vtp'.
[2021-10-12 16:54:52.900] [warning] Couldn't find file 'tibia_l.vtp'.
[2021-10-12 16:54:52.900] [warning] Couldn't find file 'l_fibula.vtp'.
[2021-10-12 16:54:52.900] [warning] Couldn't find file 'l_talus.vtp'.
[2021-10-12 16:54:52.900] [warning] Couldn't find file 'l_foot.vtp'.
[2021-10-12 16:54:52.900] [warning] Couldn't find file 'l_bofoot.vtp'.
[2021-10-12 16:54:52.900] [warning] Couldn't find file 'hat_spine.vtp'.
[2021-10-12 16:54:52.900] [warning] Couldn't find file 'hat_jaw.vtp'.
[2021-10-12 16:54:52.900] [warning] Couldn't find file 'hat_skull.vtp'.
[2021-10-12 16:54:52.900] [warning] Couldn't find file 'hat_ribs.vtp'.
[2021-10-12 16:55:25.904] [info] Loaded model subject1_scaled from file C:\Users\u0088756\Documents\FWO\Software\ExoSim\PredSim_2D\OpenSimModel\Gait18_Antoine2.osim
[2021-10-12 16:57:21.594] [info] Loaded model subject1_scaled from file C:\Users\u0088756\Documents\FWO\Software\ExoSim\PredSim_2D\OpenSimModel\Gait18_Antoine2.osim
[2021-10-12 16:58:13.923] [info] Loaded model subject1_scaled from file C:\Users\u0088756\Documents\FWO\Software\ExoSim\PredSim_2D\OpenSimModel\Gait18_Antoine2.osim
[2021-10-12 16:59:12.876] [info] Loaded model subject1_scaled from file C:\Users\u0088756\Documents\FWO\Software\ExoSim\PredSim_2D\OpenSimModel\Gait18_Antoine2.osim
[2021-10-12 17:00:30.445] [info] Loaded model subject1_scaled from file C:\Users\u0088756\Documents\FWO\Software\ExoSim\PredSim_2D\OpenSimModel\Gait18_Antoine2.osim
[2021-10-12 17:01:12.410] [info] Loaded model subject1_scaled from file C:\Users\u0088756\Documents\FWO\Software\ExoSim\PredSim_2D\OpenSimModel\Gait18_Antoine2.osim
[2021-10-12 17:02:11.443] [info] Loaded model subject1_scaled from file C:\Users\u0088756\Documents\FWO\Software\ExoSim\PredSim_2D\OpenSimModel\Gait18_Antoine2.osim
[2021-10-12 17:03:17.136] [info] Loaded model subject1_scaled from file C:\Users\u0088756\Documents\FWO\Software\ExoSim\PredSim_2D\OpenSimModel\Gait18_Antoine2.osim
[2021-10-12 17:06:11.274] [info] Loaded model subject1_scaled from file C:\Users\u0088756\Documents\FWO\Software\ExoSim\PredSim_2D\OpenSimModel\Gait18_Antoine2.osim
[2021-10-12 17:07:18.265] [info] Loaded model subject1_scaled from file C:\Users\u0088756\Documents\FWO\Software\ExoSim\PredSim_2D\OpenSimModel\Gait18_Antoine2.osim
[2021-10-12 17:09:06.720] [info] Loaded model subject1_scaled from file C:\Users\u0088756\Documents\FWO\Software\ExoSim\PredSim_2D\OpenSimModel\Gait18_Antoine2.osim
[2021-10-12 17:10:00.051] [info] Loaded model subject1_scaled from file C:\Users\u0088756\Documents\FWO\Software\ExoSim\PredSim_2D\OpenSimModel\Gait18_Antoine2.osim
[2021-10-12 17:12:15.195] [info] Loaded model subject1_scaled from file C:\Users\u0088756\Documents\FWO\Software\ExoSim\PredSim_2D\OpenSimModel\Gait18_Antoine2.osim
[2021-10-12 17:13:22.827] [info] Loaded model subject1_scaled from file C:\Users\u0088756\Documents\FWO\Software\ExoSim\PredSim_2D\OpenSimModel\Gait18_Antoine2.osim
[2021-10-12 17:15:53.325] [info] Loaded model subject1_scaled from file C:\Users\u0088756\Documents\FWO\Software\ExoSim\PredSim_2D\OpenSimModel\Gait18_Antoine2.osim
[2021-10-12 17:16:48.026] [info] Loaded model subject1_scaled from file C:\Users\u0088756\Documents\FWO\Software\ExoSim\PredSim_2D\OpenSimModel\Gait18_Antoine2.osim
[2021-10-12 17:20:34.792] [info] Loaded model subject1_scaled from file C:\Users\u0088756\Documents\FWO\Software\ExoSim\PredSim_2D\OpenSimModel\Gait18_Antoine2.osim
[2021-10-12 17:22:07.266] [info] Loaded model subject1_scaled from file C:\Users\u0088756\Documents\FWO\Software\ExoSim\PredSim_2D\OpenSimModel\Gait18_Antoine2.osim
[2021-10-12 17:24:26.921] [info] Loaded model subject1_scaled from file C:\Users\u0088756\Documents\FWO\Software\ExoSim\PredSim_2D\OpenSimModel\Gait18_Antoine2.osim
[2021-10-13 07:54:49.037] [info] Loaded model subject1_scaled from file C:\Users\u0088756\Documents\FWO\Software\ExoSim\PredSim_2D\OpenSimModel\Gait18_Antoine2.osim
[2021-10-13 07:54:49.039] [warning] Couldn't find file 'sacrum.vtp'.
[2021-10-13 07:54:49.039] [warning] Couldn't find file 'pelvis.vtp'.
[2021-10-13 07:54:49.039] [warning] Couldn't find file 'l_pelvis.vtp'.
[2021-10-13 07:54:49.039] [warning] Couldn't find file 'femur_r.vtp'.
[2021-10-13 07:54:49.039] [warning] Couldn't find file 'tibia_r.vtp'.
[2021-10-13 07:54:49.039] [warning] Couldn't find file 'fibula.vtp'.
[2021-10-13 07:54:49.039] [warning] Couldn't find file 'talus.vtp'.
[2021-10-13 07:54:49.040] [warning] Couldn't find file 'foot.vtp'.
[2021-10-13 07:54:49.040] [warning] Couldn't find file 'bofoot.vtp'.
[2021-10-13 07:54:49.040] [warning] Couldn't find file 'femur_l.vtp'.
[2021-10-13 07:54:49.040] [warning] Couldn't find file 'tibia_l.vtp'.
[2021-10-13 07:54:49.040] [warning] Couldn't find file 'l_fibula.vtp'.
[2021-10-13 07:54:49.040] [warning] Couldn't find file 'l_talus.vtp'.
[2021-10-13 07:54:49.040] [warning] Couldn't find file 'l_foot.vtp'.
[2021-10-13 07:54:49.040] [warning] Couldn't find file 'l_bofoot.vtp'.
[2021-10-13 07:54:49.041] [warning] Couldn't find file 'hat_spine.vtp'.
[2021-10-13 07:54:49.041] [warning] Couldn't find file 'hat_jaw.vtp'.
[2021-10-13 07:54:49.041] [warning] Couldn't find file 'hat_skull.vtp'.
[2021-10-13 07:54:49.041] [warning] Couldn't find file 'hat_ribs.vtp'.
[2021-10-13 07:55:01.284] [info] Loaded model subject1_scaled from file C:\Users\u0088756\Documents\FWO\Software\ExoSim\PredSim_2D\OpenSimModel\Gait18_Antoine2.osim
[2021-10-13 07:56:18.235] [info] Loaded model subject1_scaled from file C:\Users\u0088756\Documents\FWO\Software\ExoSim\PredSim_2D\OpenSimModel\Gait18_Antoine2.osim
[2021-10-13 07:56:38.130] [info] Loaded model subject1_scaled from file C:\Users\u0088756\Documents\FWO\Software\ExoSim\PredSim_2D\OpenSimModel\Gait18_Antoine2.osim
[2021-10-13 09:59:22.688] [info] Loaded model Gait18 from file C:\Users\u0088756\Documents\FWO\Software\ExoSim\PredSim_2D\OpenSimModel\Gait18_LongerHamstring.osim
[2021-10-13 09:59:23.358] [info] Loaded model Gait18 from file C:\Users\u0088756\Documents\FWO\Software\ExoSim\PredSim_2D\OpenSimModel\Gait18_LongerHamstring.osim
[2021-10-13 09:59:23.422] [info] AbstractTool dummy_motion_mtp loading model C:\Users\u0088756\Documents\FWO\Software\ExoSim\PredSim_2D\OpenSimModel\Gait18_LongerHamstring.osim
[2021-10-13 09:59:23.440] [info] Loaded model Gait18 from file C:\Users\u0088756\Documents\FWO\Software\ExoSim\PredSim_2D\OpenSimModel\Gait18_LongerHamstring.osim
[2021-10-13 09:59:23.477] [info] No external loads will be applied (external loads file not specified).
[2021-10-13 09:59:23.499] [info] Loading coordinates from file 'C:\Users\u0088756\Documents\FWO\Software\ExoSim\PredSim_2D\Polynomials\Gait18_LongerHamstring\dummy_motion_mtp.mot'.
[2021-10-13 09:59:23.499] [info] Old version storage/motion file encountered
[2021-10-13 09:59:23.499] [info] Storage: read data file = C:\Users\u0088756\Documents\FWO\Software\ExoSim\PredSim_2D\Polynomials\Gait18_LongerHamstring\dummy_motion_mtp.mot (nr=5000 nc=13)
[2021-10-13 09:59:23.500] [info] .. assuming rotations in Degrees..
[2021-10-13 09:59:24.477] [info] Found 5000 state vectors with time stamps ranging from 0.01 to 50.0.
[2021-10-13 09:59:24.477] [info] Executing the analyses from 0.01 to 50.0...
[2021-10-13 09:59:36.295] [info] Printing results of investigation dummy_motion_mtp to C:\Users\u0088756\Documents\FWO\Software\ExoSim\PredSim_2D\Polynomials\Gait18_LongerHamstring\MuscleAnalysis
[2021-10-13 10:01:56.248] [info] Loaded model Gait18 from file C:\Users\u0088756\Documents\FWO\Software\ExoSim\PredSim_2D\OpenSimModel\Gait18_LongerHamstring.osim
