[2021-10-13 10:09:58.027] [info] Loaded model Gait18 from file C:\Users\u0088756\Documents\FWO\Software\ExoSim\PredSim_2D\OpenSimModel\Gait18_shorterHamstring.osim
[2021-10-13 10:09:58.027] [warning] Couldn't find file 'sacrum.vtp'.
[2021-10-13 10:09:58.027] [warning] Couldn't find file 'pelvis.vtp'.
[2021-10-13 10:09:58.027] [warning] Couldn't find file 'l_pelvis.vtp'.
[2021-10-13 10:09:58.028] [warning] Couldn't find file 'femur_r.vtp'.
[2021-10-13 10:09:58.028] [warning] Couldn't find file 'tibia_r.vtp'.
[2021-10-13 10:09:58.028] [warning] Couldn't find file 'fibula.vtp'.
[2021-10-13 10:09:58.028] [warning] Couldn't find file 'talus.vtp'.
[2021-10-13 10:09:58.028] [warning] Couldn't find file 'foot.vtp'.
[2021-10-13 10:09:58.028] [warning] Couldn't find file 'bofoot.vtp'.
[2021-10-13 10:09:58.029] [warning] Couldn't find file 'femur_l.vtp'.
[2021-10-13 10:09:58.029] [warning] Couldn't find file 'tibia_l.vtp'.
[2021-10-13 10:09:58.029] [warning] Couldn't find file 'l_fibula.vtp'.
[2021-10-13 10:09:58.029] [warning] Couldn't find file 'l_talus.vtp'.
[2021-10-13 10:09:58.029] [warning] Couldn't find file 'l_foot.vtp'.
[2021-10-13 10:09:58.029] [warning] Couldn't find file 'l_bofoot.vtp'.
[2021-10-13 10:09:58.029] [warning] Couldn't find file 'hat_spine.vtp'.
[2021-10-13 10:09:58.029] [warning] Couldn't find file 'hat_jaw.vtp'.
[2021-10-13 10:09:58.030] [warning] Couldn't find file 'hat_skull.vtp'.
[2021-10-13 10:09:58.030] [warning] Couldn't find file 'hat_ribs.vtp'.
[2021-10-13 10:09:58.570] [info] Loaded model Gait18 from file C:\Users\u0088756\Documents\FWO\Software\ExoSim\PredSim_2D\OpenSimModel\Gait18_shorterHamstring.osim
[2021-10-13 10:09:58.571] [warning] Couldn't find file 'sacrum.vtp'.
[2021-10-13 10:09:58.571] [warning] Couldn't find file 'pelvis.vtp'.
[2021-10-13 10:09:58.571] [warning] Couldn't find file 'l_pelvis.vtp'.
[2021-10-13 10:09:58.571] [warning] Couldn't find file 'femur_r.vtp'.
[2021-10-13 10:09:58.571] [warning] Couldn't find file 'tibia_r.vtp'.
[2021-10-13 10:09:58.571] [warning] Couldn't find file 'fibula.vtp'.
[2021-10-13 10:09:58.571] [warning] Couldn't find file 'talus.vtp'.
[2021-10-13 10:09:58.571] [warning] Couldn't find file 'foot.vtp'.
[2021-10-13 10:09:58.572] [warning] Couldn't find file 'bofoot.vtp'.
[2021-10-13 10:09:58.572] [warning] Couldn't find file 'femur_l.vtp'.
[2021-10-13 10:09:58.572] [warning] Couldn't find file 'tibia_l.vtp'.
[2021-10-13 10:09:58.572] [warning] Couldn't find file 'l_fibula.vtp'.
[2021-10-13 10:09:58.572] [warning] Couldn't find file 'l_talus.vtp'.
[2021-10-13 10:09:58.572] [warning] Couldn't find file 'l_foot.vtp'.
[2021-10-13 10:09:58.572] [warning] Couldn't find file 'l_bofoot.vtp'.
[2021-10-13 10:09:58.572] [warning] Couldn't find file 'hat_spine.vtp'.
[2021-10-13 10:09:58.572] [warning] Couldn't find file 'hat_jaw.vtp'.
[2021-10-13 10:09:58.572] [warning] Couldn't find file 'hat_skull.vtp'.
[2021-10-13 10:09:58.573] [warning] Couldn't find file 'hat_ribs.vtp'.
[2021-10-13 10:09:58.611] [info] AbstractTool dummy_motion_mtp loading model C:\Users\u0088756\Documents\FWO\Software\ExoSim\PredSim_2D\OpenSimModel\Gait18_shorterHamstring.osim
[2021-10-13 10:09:58.632] [info] Loaded model Gait18 from file C:\Users\u0088756\Documents\FWO\Software\ExoSim\PredSim_2D\OpenSimModel\Gait18_shorterHamstring.osim
[2021-10-13 10:09:58.633] [warning] Couldn't find file 'sacrum.vtp'.
[2021-10-13 10:09:58.633] [warning] Couldn't find file 'pelvis.vtp'.
[2021-10-13 10:09:58.633] [warning] Couldn't find file 'l_pelvis.vtp'.
[2021-10-13 10:09:58.633] [warning] Couldn't find file 'femur_r.vtp'.
[2021-10-13 10:09:58.633] [warning] Couldn't find file 'tibia_r.vtp'.
[2021-10-13 10:09:58.633] [warning] Couldn't find file 'fibula.vtp'.
[2021-10-13 10:09:58.633] [warning] Couldn't find file 'talus.vtp'.
[2021-10-13 10:09:58.633] [warning] Couldn't find file 'foot.vtp'.
[2021-10-13 10:09:58.634] [warning] Couldn't find file 'bofoot.vtp'.
[2021-10-13 10:09:58.634] [warning] Couldn't find file 'femur_l.vtp'.
[2021-10-13 10:09:58.634] [warning] Couldn't find file 'tibia_l.vtp'.
[2021-10-13 10:09:58.634] [warning] Couldn't find file 'l_fibula.vtp'.
[2021-10-13 10:09:58.634] [warning] Couldn't find file 'l_talus.vtp'.
[2021-10-13 10:09:58.634] [warning] Couldn't find file 'l_foot.vtp'.
[2021-10-13 10:09:58.634] [warning] Couldn't find file 'l_bofoot.vtp'.
[2021-10-13 10:09:58.634] [warning] Couldn't find file 'hat_spine.vtp'.
[2021-10-13 10:09:58.634] [warning] Couldn't find file 'hat_jaw.vtp'.
[2021-10-13 10:09:58.635] [warning] Couldn't find file 'hat_skull.vtp'.
[2021-10-13 10:09:58.635] [warning] Couldn't find file 'hat_ribs.vtp'.
[2021-10-13 10:09:58.669] [info] No external loads will be applied (external loads file not specified).
[2021-10-13 10:09:58.691] [info] Loading coordinates from file 'C:\Users\u0088756\Documents\FWO\Software\ExoSim\PredSim_2D\Polynomials\Gait18_shorterHamstring\dummy_motion_mtp.mot'.
[2021-10-13 10:09:58.691] [info] Old version storage/motion file encountered
[2021-10-13 10:09:58.692] [info] Storage: read data file = C:\Users\u0088756\Documents\FWO\Software\ExoSim\PredSim_2D\Polynomials\Gait18_shorterHamstring\dummy_motion_mtp.mot (nr=5000 nc=13)
[2021-10-13 10:09:58.692] [info] .. assuming rotations in Degrees..
[2021-10-13 10:09:59.667] [info] Found 5000 state vectors with time stamps ranging from 0.01 to 50.0.
[2021-10-13 10:09:59.668] [info] Executing the analyses from 0.01 to 50.0...
[2021-10-13 10:10:11.349] [info] Printing results of investigation dummy_motion_mtp to C:\Users\u0088756\Documents\FWO\Software\ExoSim\PredSim_2D\Polynomials\Gait18_shorterHamstring\MuscleAnalysis
[2021-10-13 10:10:14.764] [info] Loaded model Gait18 from file C:\Users\u0088756\Documents\FWO\Software\ExoSim\PredSim_2D\OpenSimModel\Gait18_shorterHamstring.osim
[2021-10-13 10:10:14.764] [warning] Couldn't find file 'sacrum.vtp'.
[2021-10-13 10:10:14.764] [warning] Couldn't find file 'pelvis.vtp'.
[2021-10-13 10:10:14.764] [warning] Couldn't find file 'l_pelvis.vtp'.
[2021-10-13 10:10:14.764] [warning] Couldn't find file 'femur_r.vtp'.
[2021-10-13 10:10:14.764] [warning] Couldn't find file 'tibia_r.vtp'.
[2021-10-13 10:10:14.764] [warning] Couldn't find file 'fibula.vtp'.
[2021-10-13 10:10:14.764] [warning] Couldn't find file 'talus.vtp'.
[2021-10-13 10:10:14.765] [warning] Couldn't find file 'foot.vtp'.
[2021-10-13 10:10:14.765] [warning] Couldn't find file 'bofoot.vtp'.
[2021-10-13 10:10:14.765] [warning] Couldn't find file 'femur_l.vtp'.
[2021-10-13 10:10:14.765] [warning] Couldn't find file 'tibia_l.vtp'.
[2021-10-13 10:10:14.765] [warning] Couldn't find file 'l_fibula.vtp'.
[2021-10-13 10:10:14.765] [warning] Couldn't find file 'l_talus.vtp'.
[2021-10-13 10:10:14.765] [warning] Couldn't find file 'l_foot.vtp'.
[2021-10-13 10:10:14.765] [warning] Couldn't find file 'l_bofoot.vtp'.
[2021-10-13 10:10:14.765] [warning] Couldn't find file 'hat_spine.vtp'.
[2021-10-13 10:10:14.765] [warning] Couldn't find file 'hat_jaw.vtp'.
[2021-10-13 10:10:14.765] [warning] Couldn't find file 'hat_skull.vtp'.
[2021-10-13 10:10:14.766] [warning] Couldn't find file 'hat_ribs.vtp'.
[2021-10-13 10:11:39.380] [info] Loaded model subject1_scaled from file C:\Users\u0088756\Documents\FWO\Software\ExoSim\PredSim_2D\OpenSimModel\Gait18_vOsim43.osim
[2021-10-13 10:11:39.380] [warning] Couldn't find file 'sacrum.vtp'.
[2021-10-13 10:11:39.381] [warning] Couldn't find file 'pelvis.vtp'.
[2021-10-13 10:11:39.381] [warning] Couldn't find file 'l_pelvis.vtp'.
[2021-10-13 10:11:39.381] [warning] Couldn't find file 'femur_r.vtp'.
[2021-10-13 10:11:39.381] [warning] Couldn't find file 'tibia_r.vtp'.
[2021-10-13 10:11:39.381] [warning] Couldn't find file 'fibula.vtp'.
[2021-10-13 10:11:39.381] [warning] Couldn't find file 'talus.vtp'.
[2021-10-13 10:11:39.381] [warning] Couldn't find file 'foot.vtp'.
[2021-10-13 10:11:39.381] [warning] Couldn't find file 'bofoot.vtp'.
[2021-10-13 10:11:39.382] [warning] Couldn't find file 'femur_l.vtp'.
[2021-10-13 10:11:39.382] [warning] Couldn't find file 'tibia_l.vtp'.
[2021-10-13 10:11:39.382] [warning] Couldn't find file 'l_fibula.vtp'.
[2021-10-13 10:11:39.382] [warning] Couldn't find file 'l_talus.vtp'.
[2021-10-13 10:11:39.382] [warning] Couldn't find file 'l_foot.vtp'.
[2021-10-13 10:11:39.382] [warning] Couldn't find file 'l_bofoot.vtp'.
[2021-10-13 10:11:39.382] [warning] Couldn't find file 'hat_spine.vtp'.
[2021-10-13 10:11:39.383] [warning] Couldn't find file 'hat_jaw.vtp'.
[2021-10-13 10:11:39.383] [warning] Couldn't find file 'hat_skull.vtp'.
[2021-10-13 10:11:39.383] [warning] Couldn't find file 'hat_ribs.vtp'.
[2021-10-13 10:11:39.789] [info] Loaded model subject1_scaled from file C:\Users\u0088756\Documents\FWO\Software\ExoSim\PredSim_2D\OpenSimModel\Gait18_vOsim43.osim
[2021-10-13 10:11:39.789] [warning] Couldn't find file 'sacrum.vtp'.
[2021-10-13 10:11:39.789] [warning] Couldn't find file 'pelvis.vtp'.
[2021-10-13 10:11:39.789] [warning] Couldn't find file 'l_pelvis.vtp'.
[2021-10-13 10:11:39.789] [warning] Couldn't find file 'femur_r.vtp'.
[2021-10-13 10:11:39.790] [warning] Couldn't find file 'tibia_r.vtp'.
[2021-10-13 10:11:39.790] [warning] Couldn't find file 'fibula.vtp'.
[2021-10-13 10:11:39.790] [warning] Couldn't find file 'talus.vtp'.
[2021-10-13 10:11:39.790] [warning] Couldn't find file 'foot.vtp'.
[2021-10-13 10:11:39.790] [warning] Couldn't find file 'bofoot.vtp'.
[2021-10-13 10:11:39.790] [warning] Couldn't find file 'femur_l.vtp'.
[2021-10-13 10:11:39.790] [warning] Couldn't find file 'tibia_l.vtp'.
[2021-10-13 10:11:39.790] [warning] Couldn't find file 'l_fibula.vtp'.
[2021-10-13 10:11:39.790] [warning] Couldn't find file 'l_talus.vtp'.
[2021-10-13 10:11:39.790] [warning] Couldn't find file 'l_foot.vtp'.
[2021-10-13 10:11:39.791] [warning] Couldn't find file 'l_bofoot.vtp'.
[2021-10-13 10:11:39.791] [warning] Couldn't find file 'hat_spine.vtp'.
[2021-10-13 10:11:39.791] [warning] Couldn't find file 'hat_jaw.vtp'.
[2021-10-13 10:11:39.791] [warning] Couldn't find file 'hat_skull.vtp'.
[2021-10-13 10:11:39.791] [warning] Couldn't find file 'hat_ribs.vtp'.
[2021-10-13 10:11:39.818] [info] AbstractTool dummy_motion_mtp loading model C:\Users\u0088756\Documents\FWO\Software\ExoSim\PredSim_2D\OpenSimModel\Gait18_vOsim43.osim
[2021-10-13 10:11:39.838] [info] Loaded model subject1_scaled from file C:\Users\u0088756\Documents\FWO\Software\ExoSim\PredSim_2D\OpenSimModel\Gait18_vOsim43.osim
[2021-10-13 10:11:39.839] [warning] Couldn't find file 'sacrum.vtp'.
[2021-10-13 10:11:39.839] [warning] Couldn't find file 'pelvis.vtp'.
[2021-10-13 10:11:39.839] [warning] Couldn't find file 'l_pelvis.vtp'.
[2021-10-13 10:11:39.839] [warning] Couldn't find file 'femur_r.vtp'.
[2021-10-13 10:11:39.839] [warning] Couldn't find file 'tibia_r.vtp'.
[2021-10-13 10:11:39.839] [warning] Couldn't find file 'fibula.vtp'.
[2021-10-13 10:11:39.839] [warning] Couldn't find file 'talus.vtp'.
[2021-10-13 10:11:39.839] [warning] Couldn't find file 'foot.vtp'.
[2021-10-13 10:11:39.839] [warning] Couldn't find file 'bofoot.vtp'.
[2021-10-13 10:11:39.840] [warning] Couldn't find file 'femur_l.vtp'.
[2021-10-13 10:11:39.840] [warning] Couldn't find file 'tibia_l.vtp'.
[2021-10-13 10:11:39.840] [warning] Couldn't find file 'l_fibula.vtp'.
[2021-10-13 10:11:39.840] [warning] Couldn't find file 'l_talus.vtp'.
[2021-10-13 10:11:39.840] [warning] Couldn't find file 'l_foot.vtp'.
[2021-10-13 10:11:39.840] [warning] Couldn't find file 'l_bofoot.vtp'.
[2021-10-13 10:11:39.840] [warning] Couldn't find file 'hat_spine.vtp'.
[2021-10-13 10:11:39.840] [warning] Couldn't find file 'hat_jaw.vtp'.
[2021-10-13 10:11:39.840] [warning] Couldn't find file 'hat_skull.vtp'.
[2021-10-13 10:11:39.840] [warning] Couldn't find file 'hat_ribs.vtp'.
[2021-10-13 10:11:39.873] [info] No external loads will be applied (external loads file not specified).
[2021-10-13 10:11:39.895] [info] Loading coordinates from file 'C:\Users\u0088756\Documents\FWO\Software\ExoSim\PredSim_2D\Polynomials\Gait18_vOsim43\dummy_motion_mtp.mot'.
[2021-10-13 10:11:39.895] [info] Old version storage/motion file encountered
[2021-10-13 10:11:39.895] [info] Storage: read data file = C:\Users\u0088756\Documents\FWO\Software\ExoSim\PredSim_2D\Polynomials\Gait18_vOsim43\dummy_motion_mtp.mot (nr=5000 nc=13)
[2021-10-13 10:11:39.895] [info] .. assuming rotations in Degrees..
[2021-10-13 10:11:40.888] [info] Found 5000 state vectors with time stamps ranging from 0.01 to 50.0.
[2021-10-13 10:11:40.888] [info] Executing the analyses from 0.01 to 50.0...
[2021-10-13 10:11:52.672] [info] Printing results of investigation dummy_motion_mtp to C:\Users\u0088756\Documents\FWO\Software\ExoSim\PredSim_2D\Polynomials\Gait18_vOsim43\MuscleAnalysis
[2021-10-13 10:11:55.904] [info] Loaded model subject1_scaled from file C:\Users\u0088756\Documents\FWO\Software\ExoSim\PredSim_2D\OpenSimModel\Gait18_vOsim43.osim
[2021-10-13 10:11:55.905] [warning] Couldn't find file 'sacrum.vtp'.
[2021-10-13 10:11:55.905] [warning] Couldn't find file 'pelvis.vtp'.
[2021-10-13 10:11:55.905] [warning] Couldn't find file 'l_pelvis.vtp'.
[2021-10-13 10:11:55.905] [warning] Couldn't find file 'femur_r.vtp'.
[2021-10-13 10:11:55.905] [warning] Couldn't find file 'tibia_r.vtp'.
[2021-10-13 10:11:55.905] [warning] Couldn't find file 'fibula.vtp'.
[2021-10-13 10:11:55.905] [warning] Couldn't find file 'talus.vtp'.
[2021-10-13 10:11:55.905] [warning] Couldn't find file 'foot.vtp'.
[2021-10-13 10:11:55.905] [warning] Couldn't find file 'bofoot.vtp'.
[2021-10-13 10:11:55.906] [warning] Couldn't find file 'femur_l.vtp'.
[2021-10-13 10:11:55.906] [warning] Couldn't find file 'tibia_l.vtp'.
[2021-10-13 10:11:55.906] [warning] Couldn't find file 'l_fibula.vtp'.
[2021-10-13 10:11:55.906] [warning] Couldn't find file 'l_talus.vtp'.
[2021-10-13 10:11:55.906] [warning] Couldn't find file 'l_foot.vtp'.
[2021-10-13 10:11:55.906] [warning] Couldn't find file 'l_bofoot.vtp'.
[2021-10-13 10:11:55.906] [warning] Couldn't find file 'hat_spine.vtp'.
[2021-10-13 10:11:55.906] [warning] Couldn't find file 'hat_jaw.vtp'.
[2021-10-13 10:11:55.906] [warning] Couldn't find file 'hat_skull.vtp'.
[2021-10-13 10:11:55.906] [warning] Couldn't find file 'hat_ribs.vtp'.
[2021-10-13 10:24:45.756] [info] Loaded model subject1_scaled from file C:\Users\u0088756\Documents\FWO\Software\ExoSim\PredSim_2D\OpenSimModel\Gait18_vOsim43.osim
[2021-10-13 10:24:45.756] [warning] Couldn't find file 'sacrum.vtp'.
[2021-10-13 10:24:45.756] [warning] Couldn't find file 'pelvis.vtp'.
[2021-10-13 10:24:45.757] [warning] Couldn't find file 'l_pelvis.vtp'.
[2021-10-13 10:24:45.757] [warning] Couldn't find file 'femur_r.vtp'.
[2021-10-13 10:24:45.757] [warning] Couldn't find file 'tibia_r.vtp'.
[2021-10-13 10:24:45.757] [warning] Couldn't find file 'fibula.vtp'.
[2021-10-13 10:24:45.757] [warning] Couldn't find file 'talus.vtp'.
[2021-10-13 10:24:45.757] [warning] Couldn't find file 'foot.vtp'.
[2021-10-13 10:24:45.757] [warning] Couldn't find file 'bofoot.vtp'.
[2021-10-13 10:24:45.757] [warning] Couldn't find file 'femur_l.vtp'.
[2021-10-13 10:24:45.758] [warning] Couldn't find file 'tibia_l.vtp'.
[2021-10-13 10:24:45.758] [warning] Couldn't find file 'l_fibula.vtp'.
[2021-10-13 10:24:45.758] [warning] Couldn't find file 'l_talus.vtp'.
[2021-10-13 10:24:45.758] [warning] Couldn't find file 'l_foot.vtp'.
[2021-10-13 10:24:45.758] [warning] Couldn't find file 'l_bofoot.vtp'.
[2021-10-13 10:24:45.758] [warning] Couldn't find file 'hat_spine.vtp'.
[2021-10-13 10:24:45.758] [warning] Couldn't find file 'hat_jaw.vtp'.
[2021-10-13 10:24:45.759] [warning] Couldn't find file 'hat_skull.vtp'.
[2021-10-13 10:24:45.759] [warning] Couldn't find file 'hat_ribs.vtp'.
[2021-10-13 10:24:46.184] [info] Loaded model subject1_scaled from file C:\Users\u0088756\Documents\FWO\Software\ExoSim\PredSim_2D\OpenSimModel\Gait18_vOsim43.osim
[2021-10-13 10:24:46.185] [warning] Couldn't find file 'sacrum.vtp'.
[2021-10-13 10:24:46.185] [warning] Couldn't find file 'pelvis.vtp'.
[2021-10-13 10:24:46.185] [warning] Couldn't find file 'l_pelvis.vtp'.
[2021-10-13 10:24:46.185] [warning] Couldn't find file 'femur_r.vtp'.
[2021-10-13 10:24:46.185] [warning] Couldn't find file 'tibia_r.vtp'.
[2021-10-13 10:24:46.185] [warning] Couldn't find file 'fibula.vtp'.
[2021-10-13 10:24:46.185] [warning] Couldn't find file 'talus.vtp'.
[2021-10-13 10:24:46.185] [warning] Couldn't find file 'foot.vtp'.
[2021-10-13 10:24:46.186] [warning] Couldn't find file 'bofoot.vtp'.
[2021-10-13 10:24:46.186] [warning] Couldn't find file 'femur_l.vtp'.
[2021-10-13 10:24:46.186] [warning] Couldn't find file 'tibia_l.vtp'.
[2021-10-13 10:24:46.186] [warning] Couldn't find file 'l_fibula.vtp'.
[2021-10-13 10:24:46.186] [warning] Couldn't find file 'l_talus.vtp'.
[2021-10-13 10:24:46.186] [warning] Couldn't find file 'l_foot.vtp'.
[2021-10-13 10:24:46.186] [warning] Couldn't find file 'l_bofoot.vtp'.
[2021-10-13 10:24:46.186] [warning] Couldn't find file 'hat_spine.vtp'.
[2021-10-13 10:24:46.186] [warning] Couldn't find file 'hat_jaw.vtp'.
[2021-10-13 10:24:46.186] [warning] Couldn't find file 'hat_skull.vtp'.
[2021-10-13 10:24:46.187] [warning] Couldn't find file 'hat_ribs.vtp'.
[2021-10-13 10:24:46.214] [info] AbstractTool dummy_motion_mtp loading model C:\Users\u0088756\Documents\FWO\Software\ExoSim\PredSim_2D\OpenSimModel\Gait18_vOsim43.osim
[2021-10-13 10:24:46.236] [info] Loaded model subject1_scaled from file C:\Users\u0088756\Documents\FWO\Software\ExoSim\PredSim_2D\OpenSimModel\Gait18_vOsim43.osim
[2021-10-13 10:24:46.236] [warning] Couldn't find file 'sacrum.vtp'.
[2021-10-13 10:24:46.236] [warning] Couldn't find file 'pelvis.vtp'.
[2021-10-13 10:24:46.236] [warning] Couldn't find file 'l_pelvis.vtp'.
[2021-10-13 10:24:46.237] [warning] Couldn't find file 'femur_r.vtp'.
[2021-10-13 10:24:46.237] [warning] Couldn't find file 'tibia_r.vtp'.
[2021-10-13 10:24:46.237] [warning] Couldn't find file 'fibula.vtp'.
[2021-10-13 10:24:46.237] [warning] Couldn't find file 'talus.vtp'.
[2021-10-13 10:24:46.237] [warning] Couldn't find file 'foot.vtp'.
[2021-10-13 10:24:46.237] [warning] Couldn't find file 'bofoot.vtp'.
[2021-10-13 10:24:46.237] [warning] Couldn't find file 'femur_l.vtp'.
[2021-10-13 10:24:46.237] [warning] Couldn't find file 'tibia_l.vtp'.
[2021-10-13 10:24:46.237] [warning] Couldn't find file 'l_fibula.vtp'.
[2021-10-13 10:24:46.238] [warning] Couldn't find file 'l_talus.vtp'.
[2021-10-13 10:24:46.238] [warning] Couldn't find file 'l_foot.vtp'.
[2021-10-13 10:24:46.238] [warning] Couldn't find file 'l_bofoot.vtp'.
[2021-10-13 10:24:46.238] [warning] Couldn't find file 'hat_spine.vtp'.
[2021-10-13 10:24:46.238] [warning] Couldn't find file 'hat_jaw.vtp'.
[2021-10-13 10:24:46.238] [warning] Couldn't find file 'hat_skull.vtp'.
[2021-10-13 10:24:46.238] [warning] Couldn't find file 'hat_ribs.vtp'.
[2021-10-13 10:24:46.272] [info] No external loads will be applied (external loads file not specified).
[2021-10-13 10:24:46.294] [info] Loading coordinates from file 'C:\Users\u0088756\Documents\FWO\Software\ExoSim\PredSim_2D\Polynomials\Gait18_vOsim43_v2\dummy_motion_mtp.mot'.
[2021-10-13 10:24:46.294] [info] Old version storage/motion file encountered
[2021-10-13 10:24:46.294] [info] Storage: read data file = C:\Users\u0088756\Documents\FWO\Software\ExoSim\PredSim_2D\Polynomials\Gait18_vOsim43_v2\dummy_motion_mtp.mot (nr=5000 nc=13)
[2021-10-13 10:24:46.294] [info] .. assuming rotations in Degrees..
[2021-10-13 10:24:47.286] [info] Found 5000 state vectors with time stamps ranging from 0.01 to 50.0.
[2021-10-13 10:24:47.286] [info] Executing the analyses from 0.01 to 50.0...
[2021-10-13 10:24:59.051] [info] Printing results of investigation dummy_motion_mtp to C:\Users\u0088756\Documents\FWO\Software\ExoSim\PredSim_2D\Polynomials\Gait18_vOsim43_v2\MuscleAnalysis
[2021-10-13 10:25:11.068] [info] Loaded model subject1_scaled from file C:\Users\u0088756\Documents\FWO\Software\ExoSim\PredSim_2D\OpenSimModel\Gait18_vOsim43.osim
[2021-10-13 10:25:11.068] [warning] Couldn't find file 'sacrum.vtp'.
[2021-10-13 10:25:11.068] [warning] Couldn't find file 'pelvis.vtp'.
[2021-10-13 10:25:11.068] [warning] Couldn't find file 'l_pelvis.vtp'.
[2021-10-13 10:25:11.069] [warning] Couldn't find file 'femur_r.vtp'.
[2021-10-13 10:25:11.069] [warning] Couldn't find file 'tibia_r.vtp'.
[2021-10-13 10:25:11.069] [warning] Couldn't find file 'fibula.vtp'.
[2021-10-13 10:25:11.069] [warning] Couldn't find file 'talus.vtp'.
[2021-10-13 10:25:11.069] [warning] Couldn't find file 'foot.vtp'.
[2021-10-13 10:25:11.069] [warning] Couldn't find file 'bofoot.vtp'.
[2021-10-13 10:25:11.069] [warning] Couldn't find file 'femur_l.vtp'.
[2021-10-13 10:25:11.069] [warning] Couldn't find file 'tibia_l.vtp'.
[2021-10-13 10:25:11.069] [warning] Couldn't find file 'l_fibula.vtp'.
[2021-10-13 10:25:11.070] [warning] Couldn't find file 'l_talus.vtp'.
[2021-10-13 10:25:11.070] [warning] Couldn't find file 'l_foot.vtp'.
[2021-10-13 10:25:11.070] [warning] Couldn't find file 'l_bofoot.vtp'.
[2021-10-13 10:25:11.070] [warning] Couldn't find file 'hat_spine.vtp'.
[2021-10-13 10:25:11.070] [warning] Couldn't find file 'hat_jaw.vtp'.
[2021-10-13 10:25:11.070] [warning] Couldn't find file 'hat_skull.vtp'.
[2021-10-13 10:25:11.070] [warning] Couldn't find file 'hat_ribs.vtp'.
[2021-10-13 10:34:04.724] [info] Loaded model subject1_scaled from file C:\Users\u0088756\Documents\FWO\Software\ExoSim\PredSim_2D\OpenSimModel\Gait18_vOsim43.osim
[2021-10-13 10:34:04.725] [warning] Couldn't find file 'sacrum.vtp'.
[2021-10-13 10:34:04.725] [warning] Couldn't find file 'pelvis.vtp'.
[2021-10-13 10:34:04.725] [warning] Couldn't find file 'l_pelvis.vtp'.
[2021-10-13 10:34:04.725] [warning] Couldn't find file 'femur_r.vtp'.
[2021-10-13 10:34:04.725] [warning] Couldn't find file 'tibia_r.vtp'.
[2021-10-13 10:34:04.725] [warning] Couldn't find file 'fibula.vtp'.
[2021-10-13 10:34:04.725] [warning] Couldn't find file 'talus.vtp'.
[2021-10-13 10:34:04.726] [warning] Couldn't find file 'foot.vtp'.
[2021-10-13 10:34:04.726] [warning] Couldn't find file 'bofoot.vtp'.
[2021-10-13 10:34:04.726] [warning] Couldn't find file 'femur_l.vtp'.
[2021-10-13 10:34:04.726] [warning] Couldn't find file 'tibia_l.vtp'.
[2021-10-13 10:34:04.726] [warning] Couldn't find file 'l_fibula.vtp'.
[2021-10-13 10:34:04.726] [warning] Couldn't find file 'l_talus.vtp'.
[2021-10-13 10:34:04.726] [warning] Couldn't find file 'l_foot.vtp'.
[2021-10-13 10:34:04.726] [warning] Couldn't find file 'l_bofoot.vtp'.
[2021-10-13 10:34:04.726] [warning] Couldn't find file 'hat_spine.vtp'.
[2021-10-13 10:34:04.727] [warning] Couldn't find file 'hat_jaw.vtp'.
[2021-10-13 10:34:04.727] [warning] Couldn't find file 'hat_skull.vtp'.
[2021-10-13 10:34:04.727] [warning] Couldn't find file 'hat_ribs.vtp'.
[2021-10-13 10:34:05.135] [info] Loaded model subject1_scaled from file C:\Users\u0088756\Documents\FWO\Software\ExoSim\PredSim_2D\OpenSimModel\Gait18_vOsim43.osim
[2021-10-13 10:34:05.135] [warning] Couldn't find file 'sacrum.vtp'.
[2021-10-13 10:34:05.135] [warning] Couldn't find file 'pelvis.vtp'.
[2021-10-13 10:34:05.135] [warning] Couldn't find file 'l_pelvis.vtp'.
[2021-10-13 10:34:05.135] [warning] Couldn't find file 'femur_r.vtp'.
[2021-10-13 10:34:05.136] [warning] Couldn't find file 'tibia_r.vtp'.
[2021-10-13 10:34:05.136] [warning] Couldn't find file 'fibula.vtp'.
[2021-10-13 10:34:05.136] [warning] Couldn't find file 'talus.vtp'.
[2021-10-13 10:34:05.136] [warning] Couldn't find file 'foot.vtp'.
[2021-10-13 10:34:05.136] [warning] Couldn't find file 'bofoot.vtp'.
[2021-10-13 10:34:05.136] [warning] Couldn't find file 'femur_l.vtp'.
[2021-10-13 10:34:05.136] [warning] Couldn't find file 'tibia_l.vtp'.
[2021-10-13 10:34:05.136] [warning] Couldn't find file 'l_fibula.vtp'.
[2021-10-13 10:34:05.136] [warning] Couldn't find file 'l_talus.vtp'.
[2021-10-13 10:34:05.137] [warning] Couldn't find file 'l_foot.vtp'.
[2021-10-13 10:34:05.137] [warning] Couldn't find file 'l_bofoot.vtp'.
[2021-10-13 10:34:05.137] [warning] Couldn't find file 'hat_spine.vtp'.
[2021-10-13 10:34:05.137] [warning] Couldn't find file 'hat_jaw.vtp'.
[2021-10-13 10:34:05.137] [warning] Couldn't find file 'hat_skull.vtp'.
[2021-10-13 10:34:05.137] [warning] Couldn't find file 'hat_ribs.vtp'.
[2021-10-13 10:34:05.166] [info] AbstractTool dummy_motion_mtp loading model C:\Users\u0088756\Documents\FWO\Software\ExoSim\PredSim_2D\OpenSimModel\Gait18_vOsim43.osim
[2021-10-13 10:34:05.184] [info] Loaded model subject1_scaled from file C:\Users\u0088756\Documents\FWO\Software\ExoSim\PredSim_2D\OpenSimModel\Gait18_vOsim43.osim
[2021-10-13 10:34:05.185] [warning] Couldn't find file 'sacrum.vtp'.
[2021-10-13 10:34:05.185] [warning] Couldn't find file 'pelvis.vtp'.
[2021-10-13 10:34:05.185] [warning] Couldn't find file 'l_pelvis.vtp'.
[2021-10-13 10:34:05.185] [warning] Couldn't find file 'femur_r.vtp'.
[2021-10-13 10:34:05.185] [warning] Couldn't find file 'tibia_r.vtp'.
[2021-10-13 10:34:05.185] [warning] Couldn't find file 'fibula.vtp'.
[2021-10-13 10:34:05.185] [warning] Couldn't find file 'talus.vtp'.
[2021-10-13 10:34:05.186] [warning] Couldn't find file 'foot.vtp'.
[2021-10-13 10:34:05.186] [warning] Couldn't find file 'bofoot.vtp'.
[2021-10-13 10:34:05.186] [warning] Couldn't find file 'femur_l.vtp'.
[2021-10-13 10:34:05.186] [warning] Couldn't find file 'tibia_l.vtp'.
[2021-10-13 10:34:05.186] [warning] Couldn't find file 'l_fibula.vtp'.
[2021-10-13 10:34:05.186] [warning] Couldn't find file 'l_talus.vtp'.
[2021-10-13 10:34:05.186] [warning] Couldn't find file 'l_foot.vtp'.
[2021-10-13 10:34:05.186] [warning] Couldn't find file 'l_bofoot.vtp'.
[2021-10-13 10:34:05.186] [warning] Couldn't find file 'hat_spine.vtp'.
[2021-10-13 10:34:05.187] [warning] Couldn't find file 'hat_jaw.vtp'.
[2021-10-13 10:34:05.187] [warning] Couldn't find file 'hat_skull.vtp'.
[2021-10-13 10:34:05.187] [warning] Couldn't find file 'hat_ribs.vtp'.
[2021-10-13 10:34:05.221] [info] No external loads will be applied (external loads file not specified).
[2021-10-13 10:34:05.242] [info] Loading coordinates from file 'C:\Users\u0088756\Documents\FWO\Software\ExoSim\PredSim_2D\Polynomials\Gait18_subject1_v2\dummy_motion_mtp.mot'.
[2021-10-13 10:34:05.242] [info] Old version storage/motion file encountered
[2021-10-13 10:34:05.242] [info] Storage: read data file = C:\Users\u0088756\Documents\FWO\Software\ExoSim\PredSim_2D\Polynomials\Gait18_subject1_v2\dummy_motion_mtp.mot (nr=5000 nc=13)
[2021-10-13 10:34:05.242] [info] .. assuming rotations in Degrees..
[2021-10-13 10:34:06.214] [info] Found 5000 state vectors with time stamps ranging from 0.01 to 50.0.
[2021-10-13 10:34:06.214] [info] Executing the analyses from 0.01 to 50.0...
[2021-10-13 10:34:17.717] [info] Printing results of investigation dummy_motion_mtp to C:\Users\u0088756\Documents\FWO\Software\ExoSim\PredSim_2D\Polynomials\Gait18_subject1_v2\MuscleAnalysis
[2021-10-13 10:34:20.949] [info] Loaded model subject1_scaled from file C:\Users\u0088756\Documents\FWO\Software\ExoSim\PredSim_2D\OpenSimModel\Gait18_vOsim43.osim
[2021-10-13 10:34:20.950] [warning] Couldn't find file 'sacrum.vtp'.
[2021-10-13 10:34:20.950] [warning] Couldn't find file 'pelvis.vtp'.
[2021-10-13 10:34:20.950] [warning] Couldn't find file 'l_pelvis.vtp'.
[2021-10-13 10:34:20.951] [warning] Couldn't find file 'femur_r.vtp'.
[2021-10-13 10:34:20.951] [warning] Couldn't find file 'tibia_r.vtp'.
[2021-10-13 10:34:20.951] [warning] Couldn't find file 'fibula.vtp'.
[2021-10-13 10:34:20.951] [warning] Couldn't find file 'talus.vtp'.
[2021-10-13 10:34:20.951] [warning] Couldn't find file 'foot.vtp'.
[2021-10-13 10:34:20.951] [warning] Couldn't find file 'bofoot.vtp'.
[2021-10-13 10:34:20.951] [warning] Couldn't find file 'femur_l.vtp'.
[2021-10-13 10:34:20.951] [warning] Couldn't find file 'tibia_l.vtp'.
[2021-10-13 10:34:20.952] [warning] Couldn't find file 'l_fibula.vtp'.
[2021-10-13 10:34:20.952] [warning] Couldn't find file 'l_talus.vtp'.
[2021-10-13 10:34:20.952] [warning] Couldn't find file 'l_foot.vtp'.
[2021-10-13 10:34:20.952] [warning] Couldn't find file 'l_bofoot.vtp'.
[2021-10-13 10:34:20.952] [warning] Couldn't find file 'hat_spine.vtp'.
[2021-10-13 10:34:20.952] [warning] Couldn't find file 'hat_jaw.vtp'.
[2021-10-13 10:34:20.952] [warning] Couldn't find file 'hat_skull.vtp'.
[2021-10-13 10:34:20.952] [warning] Couldn't find file 'hat_ribs.vtp'.
[2021-10-13 10:54:34.509] [info] Loaded model subject1_scaled from file C:\Users\u0088756\Documents\FWO\Software\ExoSim\PredSim_2D\OpenSimModel\Gait18_vOsim43.osim
[2021-10-13 10:54:34.510] [warning] Couldn't find file 'sacrum.vtp'.
[2021-10-13 10:54:34.510] [warning] Couldn't find file 'pelvis.vtp'.
[2021-10-13 10:54:34.510] [warning] Couldn't find file 'l_pelvis.vtp'.
[2021-10-13 10:54:34.510] [warning] Couldn't find file 'femur_r.vtp'.
[2021-10-13 10:54:34.510] [warning] Couldn't find file 'tibia_r.vtp'.
[2021-10-13 10:54:34.510] [warning] Couldn't find file 'fibula.vtp'.
[2021-10-13 10:54:34.510] [warning] Couldn't find file 'talus.vtp'.
[2021-10-13 10:54:34.510] [warning] Couldn't find file 'foot.vtp'.
[2021-10-13 10:54:34.511] [warning] Couldn't find file 'bofoot.vtp'.
[2021-10-13 10:54:34.511] [warning] Couldn't find file 'femur_l.vtp'.
[2021-10-13 10:54:34.511] [warning] Couldn't find file 'tibia_l.vtp'.
[2021-10-13 10:54:34.511] [warning] Couldn't find file 'l_fibula.vtp'.
[2021-10-13 10:54:34.511] [warning] Couldn't find file 'l_talus.vtp'.
[2021-10-13 10:54:34.511] [warning] Couldn't find file 'l_foot.vtp'.
[2021-10-13 10:54:34.511] [warning] Couldn't find file 'l_bofoot.vtp'.
[2021-10-13 10:54:34.511] [warning] Couldn't find file 'hat_spine.vtp'.
[2021-10-13 10:54:34.511] [warning] Couldn't find file 'hat_jaw.vtp'.
[2021-10-13 10:54:34.511] [warning] Couldn't find file 'hat_skull.vtp'.
[2021-10-13 10:54:34.512] [warning] Couldn't find file 'hat_ribs.vtp'.
[2021-10-13 10:54:34.928] [info] Loaded model subject1_scaled from file C:\Users\u0088756\Documents\FWO\Software\ExoSim\PredSim_2D\OpenSimModel\Gait18_vOsim43.osim
[2021-10-13 10:54:34.928] [warning] Couldn't find file 'sacrum.vtp'.
[2021-10-13 10:54:34.928] [warning] Couldn't find file 'pelvis.vtp'.
[2021-10-13 10:54:34.928] [warning] Couldn't find file 'l_pelvis.vtp'.
[2021-10-13 10:54:34.929] [warning] Couldn't find file 'femur_r.vtp'.
[2021-10-13 10:54:34.929] [warning] Couldn't find file 'tibia_r.vtp'.
[2021-10-13 10:54:34.929] [warning] Couldn't find file 'fibula.vtp'.
[2021-10-13 10:54:34.929] [warning] Couldn't find file 'talus.vtp'.
[2021-10-13 10:54:34.929] [warning] Couldn't find file 'foot.vtp'.
[2021-10-13 10:54:34.929] [warning] Couldn't find file 'bofoot.vtp'.
[2021-10-13 10:54:34.929] [warning] Couldn't find file 'femur_l.vtp'.
[2021-10-13 10:54:34.929] [warning] Couldn't find file 'tibia_l.vtp'.
[2021-10-13 10:54:34.929] [warning] Couldn't find file 'l_fibula.vtp'.
[2021-10-13 10:54:34.929] [warning] Couldn't find file 'l_talus.vtp'.
[2021-10-13 10:54:34.930] [warning] Couldn't find file 'l_foot.vtp'.
[2021-10-13 10:54:34.930] [warning] Couldn't find file 'l_bofoot.vtp'.
[2021-10-13 10:54:34.930] [warning] Couldn't find file 'hat_spine.vtp'.
[2021-10-13 10:54:34.930] [warning] Couldn't find file 'hat_jaw.vtp'.
[2021-10-13 10:54:34.930] [warning] Couldn't find file 'hat_skull.vtp'.
[2021-10-13 10:54:34.930] [warning] Couldn't find file 'hat_ribs.vtp'.
[2021-10-13 10:54:34.960] [info] AbstractTool dummy_motion_mtp loading model C:\Users\u0088756\Documents\FWO\Software\ExoSim\PredSim_2D\OpenSimModel\Gait18_vOsim43.osim
[2021-10-13 10:54:34.980] [info] Loaded model subject1_scaled from file C:\Users\u0088756\Documents\FWO\Software\ExoSim\PredSim_2D\OpenSimModel\Gait18_vOsim43.osim
[2021-10-13 10:54:34.981] [warning] Couldn't find file 'sacrum.vtp'.
[2021-10-13 10:54:34.981] [warning] Couldn't find file 'pelvis.vtp'.
[2021-10-13 10:54:34.981] [warning] Couldn't find file 'l_pelvis.vtp'.
[2021-10-13 10:54:34.981] [warning] Couldn't find file 'femur_r.vtp'.
[2021-10-13 10:54:34.981] [warning] Couldn't find file 'tibia_r.vtp'.
[2021-10-13 10:54:34.981] [warning] Couldn't find file 'fibula.vtp'.
[2021-10-13 10:54:34.981] [warning] Couldn't find file 'talus.vtp'.
[2021-10-13 10:54:34.981] [warning] Couldn't find file 'foot.vtp'.
[2021-10-13 10:54:34.981] [warning] Couldn't find file 'bofoot.vtp'.
[2021-10-13 10:54:34.982] [warning] Couldn't find file 'femur_l.vtp'.
[2021-10-13 10:54:34.982] [warning] Couldn't find file 'tibia_l.vtp'.
[2021-10-13 10:54:34.982] [warning] Couldn't find file 'l_fibula.vtp'.
[2021-10-13 10:54:34.982] [warning] Couldn't find file 'l_talus.vtp'.
[2021-10-13 10:54:34.982] [warning] Couldn't find file 'l_foot.vtp'.
[2021-10-13 10:54:34.982] [warning] Couldn't find file 'l_bofoot.vtp'.
[2021-10-13 10:54:34.982] [warning] Couldn't find file 'hat_spine.vtp'.
[2021-10-13 10:54:34.982] [warning] Couldn't find file 'hat_jaw.vtp'.
[2021-10-13 10:54:34.982] [warning] Couldn't find file 'hat_skull.vtp'.
[2021-10-13 10:54:34.982] [warning] Couldn't find file 'hat_ribs.vtp'.
[2021-10-13 10:54:35.014] [info] No external loads will be applied (external loads file not specified).
[2021-10-13 10:54:35.035] [info] Loading coordinates from file 'C:\Users\u0088756\Documents\FWO\Software\ExoSim\PredSim_2D\Polynomials\Gait18_subject1_v3\dummy_motion_mtp.mot'.
[2021-10-13 10:54:35.035] [info] Old version storage/motion file encountered
[2021-10-13 10:54:35.035] [info] Storage: read data file = C:\Users\u0088756\Documents\FWO\Software\ExoSim\PredSim_2D\Polynomials\Gait18_subject1_v3\dummy_motion_mtp.mot (nr=5000 nc=13)
[2021-10-13 10:54:35.035] [info] .. assuming rotations in Degrees..
[2021-10-13 10:54:36.007] [info] Found 5000 state vectors with time stamps ranging from 0.01 to 50.0.
[2021-10-13 10:54:36.007] [info] Executing the analyses from 0.01 to 50.0...
[2021-10-13 10:54:48.489] [info] Printing results of investigation dummy_motion_mtp to C:\Users\u0088756\Documents\FWO\Software\ExoSim\PredSim_2D\Polynomials\Gait18_subject1_v3\MuscleAnalysis
[2021-10-13 11:54:29.454] [info] Loaded model subject1_scaled from file C:\Users\u0088756\Documents\FWO\Software\ExoSim\PredSim_2D\OpenSimModel\Gait18_vOsim43.osim
[2021-10-13 11:54:29.454] [warning] Couldn't find file 'sacrum.vtp'.
[2021-10-13 11:54:29.454] [warning] Couldn't find file 'pelvis.vtp'.
[2021-10-13 11:54:29.455] [warning] Couldn't find file 'l_pelvis.vtp'.
[2021-10-13 11:54:29.455] [warning] Couldn't find file 'femur_r.vtp'.
[2021-10-13 11:54:29.455] [warning] Couldn't find file 'tibia_r.vtp'.
[2021-10-13 11:54:29.455] [warning] Couldn't find file 'fibula.vtp'.
[2021-10-13 11:54:29.455] [warning] Couldn't find file 'talus.vtp'.
[2021-10-13 11:54:29.455] [warning] Couldn't find file 'foot.vtp'.
[2021-10-13 11:54:29.455] [warning] Couldn't find file 'bofoot.vtp'.
[2021-10-13 11:54:29.455] [warning] Couldn't find file 'femur_l.vtp'.
[2021-10-13 11:54:29.455] [warning] Couldn't find file 'tibia_l.vtp'.
[2021-10-13 11:54:29.456] [warning] Couldn't find file 'l_fibula.vtp'.
[2021-10-13 11:54:29.456] [warning] Couldn't find file 'l_talus.vtp'.
[2021-10-13 11:54:29.456] [warning] Couldn't find file 'l_foot.vtp'.
[2021-10-13 11:54:29.456] [warning] Couldn't find file 'l_bofoot.vtp'.
[2021-10-13 11:54:29.456] [warning] Couldn't find file 'hat_spine.vtp'.
[2021-10-13 11:54:29.456] [warning] Couldn't find file 'hat_jaw.vtp'.
[2021-10-13 11:54:29.456] [warning] Couldn't find file 'hat_skull.vtp'.
[2021-10-13 11:54:29.456] [warning] Couldn't find file 'hat_ribs.vtp'.
[2021-10-13 11:57:03.353] [info] Loaded model subject1_scaled from file C:\Users\u0088756\Documents\FWO\Software\ExoSim\PredSim_2D\OpenSimModel\Gait18_vOsim43.osim
[2021-10-13 11:57:03.353] [warning] Couldn't find file 'sacrum.vtp'.
[2021-10-13 11:57:03.353] [warning] Couldn't find file 'pelvis.vtp'.
[2021-10-13 11:57:03.354] [warning] Couldn't find file 'l_pelvis.vtp'.
[2021-10-13 11:57:03.354] [warning] Couldn't find file 'femur_r.vtp'.
[2021-10-13 11:57:03.354] [warning] Couldn't find file 'tibia_r.vtp'.
[2021-10-13 11:57:03.354] [warning] Couldn't find file 'fibula.vtp'.
[2021-10-13 11:57:03.354] [warning] Couldn't find file 'talus.vtp'.
[2021-10-13 11:57:03.354] [warning] Couldn't find file 'foot.vtp'.
[2021-10-13 11:57:03.354] [warning] Couldn't find file 'bofoot.vtp'.
[2021-10-13 11:57:03.354] [warning] Couldn't find file 'femur_l.vtp'.
[2021-10-13 11:57:03.354] [warning] Couldn't find file 'tibia_l.vtp'.
[2021-10-13 11:57:03.354] [warning] Couldn't find file 'l_fibula.vtp'.
[2021-10-13 11:57:03.355] [warning] Couldn't find file 'l_talus.vtp'.
[2021-10-13 11:57:03.355] [warning] Couldn't find file 'l_foot.vtp'.
[2021-10-13 11:57:03.355] [warning] Couldn't find file 'l_bofoot.vtp'.
[2021-10-13 11:57:03.355] [warning] Couldn't find file 'hat_spine.vtp'.
[2021-10-13 11:57:03.355] [warning] Couldn't find file 'hat_jaw.vtp'.
[2021-10-13 11:57:03.355] [warning] Couldn't find file 'hat_skull.vtp'.
[2021-10-13 11:57:03.355] [warning] Couldn't find file 'hat_ribs.vtp'.
[2021-10-13 11:57:03.675] [info] Loaded model subject1_scaled from file C:\Users\u0088756\Documents\FWO\Software\ExoSim\PredSim_2D\OpenSimModel\Gait18_vOsim43.osim
[2021-10-13 11:57:03.676] [warning] Couldn't find file 'sacrum.vtp'.
[2021-10-13 11:57:03.676] [warning] Couldn't find file 'pelvis.vtp'.
[2021-10-13 11:57:03.676] [warning] Couldn't find file 'l_pelvis.vtp'.
[2021-10-13 11:57:03.676] [warning] Couldn't find file 'femur_r.vtp'.
[2021-10-13 11:57:03.676] [warning] Couldn't find file 'tibia_r.vtp'.
[2021-10-13 11:57:03.676] [warning] Couldn't find file 'fibula.vtp'.
[2021-10-13 11:57:03.676] [warning] Couldn't find file 'talus.vtp'.
[2021-10-13 11:57:03.676] [warning] Couldn't find file 'foot.vtp'.
[2021-10-13 11:57:03.677] [warning] Couldn't find file 'bofoot.vtp'.
[2021-10-13 11:57:03.677] [warning] Couldn't find file 'femur_l.vtp'.
[2021-10-13 11:57:03.677] [warning] Couldn't find file 'tibia_l.vtp'.
[2021-10-13 11:57:03.677] [warning] Couldn't find file 'l_fibula.vtp'.
[2021-10-13 11:57:03.677] [warning] Couldn't find file 'l_talus.vtp'.
[2021-10-13 11:57:03.677] [warning] Couldn't find file 'l_foot.vtp'.
[2021-10-13 11:57:03.677] [warning] Couldn't find file 'l_bofoot.vtp'.
[2021-10-13 11:57:03.677] [warning] Couldn't find file 'hat_spine.vtp'.
[2021-10-13 11:57:03.677] [warning] Couldn't find file 'hat_jaw.vtp'.
[2021-10-13 11:57:03.677] [warning] Couldn't find file 'hat_skull.vtp'.
[2021-10-13 11:57:03.678] [warning] Couldn't find file 'hat_ribs.vtp'.
[2021-10-13 11:57:03.704] [info] AbstractTool dummy_motion_mtp loading model C:\Users\u0088756\Documents\FWO\Software\ExoSim\PredSim_2D\OpenSimModel\Gait18_vOsim43.osim
[2021-10-13 11:57:03.724] [info] Loaded model subject1_scaled from file C:\Users\u0088756\Documents\FWO\Software\ExoSim\PredSim_2D\OpenSimModel\Gait18_vOsim43.osim
[2021-10-13 11:57:03.725] [warning] Couldn't find file 'sacrum.vtp'.
[2021-10-13 11:57:03.725] [warning] Couldn't find file 'pelvis.vtp'.
[2021-10-13 11:57:03.725] [warning] Couldn't find file 'l_pelvis.vtp'.
[2021-10-13 11:57:03.725] [warning] Couldn't find file 'femur_r.vtp'.
[2021-10-13 11:57:03.725] [warning] Couldn't find file 'tibia_r.vtp'.
[2021-10-13 11:57:03.725] [warning] Couldn't find file 'fibula.vtp'.
[2021-10-13 11:57:03.725] [warning] Couldn't find file 'talus.vtp'.
[2021-10-13 11:57:03.725] [warning] Couldn't find file 'foot.vtp'.
[2021-10-13 11:57:03.725] [warning] Couldn't find file 'bofoot.vtp'.
[2021-10-13 11:57:03.725] [warning] Couldn't find file 'femur_l.vtp'.
[2021-10-13 11:57:03.726] [warning] Couldn't find file 'tibia_l.vtp'.
[2021-10-13 11:57:03.726] [warning] Couldn't find file 'l_fibula.vtp'.
[2021-10-13 11:57:03.726] [warning] Couldn't find file 'l_talus.vtp'.
[2021-10-13 11:57:03.726] [warning] Couldn't find file 'l_foot.vtp'.
[2021-10-13 11:57:03.726] [warning] Couldn't find file 'l_bofoot.vtp'.
[2021-10-13 11:57:03.726] [warning] Couldn't find file 'hat_spine.vtp'.
[2021-10-13 11:57:03.726] [warning] Couldn't find file 'hat_jaw.vtp'.
[2021-10-13 11:57:03.726] [warning] Couldn't find file 'hat_skull.vtp'.
[2021-10-13 11:57:03.726] [warning] Couldn't find file 'hat_ribs.vtp'.
[2021-10-13 11:57:03.757] [info] No external loads will be applied (external loads file not specified).
[2021-10-13 11:57:03.779] [info] Loading coordinates from file 'C:\Users\u0088756\Documents\FWO\Software\ExoSim\PredSim_2D\Polynomials\Gait18_subject1_v3\dummy_motion_mtp.mot'.
[2021-10-13 11:57:03.780] [info] Old version storage/motion file encountered
[2021-10-13 11:57:03.780] [info] Storage: read data file = C:\Users\u0088756\Documents\FWO\Software\ExoSim\PredSim_2D\Polynomials\Gait18_subject1_v3\dummy_motion_mtp.mot (nr=5000 nc=13)
[2021-10-13 11:57:03.780] [info] .. assuming rotations in Degrees..
[2021-10-13 11:57:04.702] [info] Found 5000 state vectors with time stamps ranging from 0.01 to 50.0.
[2021-10-13 11:57:04.702] [info] Executing the analyses from 0.01 to 50.0...
[2021-10-13 11:57:15.631] [info] Printing results of investigation dummy_motion_mtp to C:\Users\u0088756\Documents\FWO\Software\ExoSim\PredSim_2D\Polynomials\Gait18_subject1_v3\MuscleAnalysis
[2021-10-13 11:57:19.583] [info] Loaded model subject1_scaled from file C:\Users\u0088756\Documents\FWO\Software\ExoSim\PredSim_2D\OpenSimModel\Gait18_vOsim43.osim
[2021-10-13 11:57:19.583] [warning] Couldn't find file 'sacrum.vtp'.
[2021-10-13 11:57:19.584] [warning] Couldn't find file 'pelvis.vtp'.
[2021-10-13 11:57:19.584] [warning] Couldn't find file 'l_pelvis.vtp'.
[2021-10-13 11:57:19.584] [warning] Couldn't find file 'femur_r.vtp'.
[2021-10-13 11:57:19.584] [warning] Couldn't find file 'tibia_r.vtp'.
[2021-10-13 11:57:19.584] [warning] Couldn't find file 'fibula.vtp'.
[2021-10-13 11:57:19.584] [warning] Couldn't find file 'talus.vtp'.
[2021-10-13 11:57:19.584] [warning] Couldn't find file 'foot.vtp'.
[2021-10-13 11:57:19.584] [warning] Couldn't find file 'bofoot.vtp'.
[2021-10-13 11:57:19.584] [warning] Couldn't find file 'femur_l.vtp'.
[2021-10-13 11:57:19.585] [warning] Couldn't find file 'tibia_l.vtp'.
[2021-10-13 11:57:19.585] [warning] Couldn't find file 'l_fibula.vtp'.
[2021-10-13 11:57:19.585] [warning] Couldn't find file 'l_talus.vtp'.
[2021-10-13 11:57:19.585] [warning] Couldn't find file 'l_foot.vtp'.
[2021-10-13 11:57:19.585] [warning] Couldn't find file 'l_bofoot.vtp'.
[2021-10-13 11:57:19.585] [warning] Couldn't find file 'hat_spine.vtp'.
[2021-10-13 11:57:19.585] [warning] Couldn't find file 'hat_jaw.vtp'.
[2021-10-13 11:57:19.585] [warning] Couldn't find file 'hat_skull.vtp'.
[2021-10-13 11:57:19.585] [warning] Couldn't find file 'hat_ribs.vtp'.
[2021-10-13 12:02:34.851] [info] Loaded model Gait18 from file C:\Users\u0088756\Documents\FWO\Software\ExoSim\PredSim_2D\OpenSimModel\Gait18_shorterHamstring.osim
[2021-10-13 12:02:34.851] [warning] Couldn't find file 'sacrum.vtp'.
[2021-10-13 12:02:34.851] [warning] Couldn't find file 'pelvis.vtp'.
[2021-10-13 12:02:34.851] [warning] Couldn't find file 'l_pelvis.vtp'.
[2021-10-13 12:02:34.852] [warning] Couldn't find file 'femur_r.vtp'.
[2021-10-13 12:02:34.852] [warning] Couldn't find file 'tibia_r.vtp'.
[2021-10-13 12:02:34.852] [warning] Couldn't find file 'fibula.vtp'.
[2021-10-13 12:02:34.852] [warning] Couldn't find file 'talus.vtp'.
[2021-10-13 12:02:34.852] [warning] Couldn't find file 'foot.vtp'.
[2021-10-13 12:02:34.852] [warning] Couldn't find file 'bofoot.vtp'.
[2021-10-13 12:02:34.852] [warning] Couldn't find file 'femur_l.vtp'.
[2021-10-13 12:02:34.853] [warning] Couldn't find file 'tibia_l.vtp'.
[2021-10-13 12:02:34.853] [warning] Couldn't find file 'l_fibula.vtp'.
[2021-10-13 12:02:34.853] [warning] Couldn't find file 'l_talus.vtp'.
[2021-10-13 12:02:34.853] [warning] Couldn't find file 'l_foot.vtp'.
[2021-10-13 12:02:34.853] [warning] Couldn't find file 'l_bofoot.vtp'.
[2021-10-13 12:02:34.853] [warning] Couldn't find file 'hat_spine.vtp'.
[2021-10-13 12:02:34.854] [warning] Couldn't find file 'hat_jaw.vtp'.
[2021-10-13 12:02:34.854] [warning] Couldn't find file 'hat_skull.vtp'.
[2021-10-13 12:02:34.854] [warning] Couldn't find file 'hat_ribs.vtp'.
[2021-10-13 12:02:35.252] [info] Loaded model Gait18 from file C:\Users\u0088756\Documents\FWO\Software\ExoSim\PredSim_2D\OpenSimModel\Gait18_shorterHamstring.osim
[2021-10-13 12:02:35.252] [warning] Couldn't find file 'sacrum.vtp'.
[2021-10-13 12:02:35.252] [warning] Couldn't find file 'pelvis.vtp'.
[2021-10-13 12:02:35.252] [warning] Couldn't find file 'l_pelvis.vtp'.
[2021-10-13 12:02:35.252] [warning] Couldn't find file 'femur_r.vtp'.
[2021-10-13 12:02:35.253] [warning] Couldn't find file 'tibia_r.vtp'.
[2021-10-13 12:02:35.253] [warning] Couldn't find file 'fibula.vtp'.
[2021-10-13 12:02:35.253] [warning] Couldn't find file 'talus.vtp'.
[2021-10-13 12:02:35.253] [warning] Couldn't find file 'foot.vtp'.
[2021-10-13 12:02:35.253] [warning] Couldn't find file 'bofoot.vtp'.
[2021-10-13 12:02:35.253] [warning] Couldn't find file 'femur_l.vtp'.
[2021-10-13 12:02:35.253] [warning] Couldn't find file 'tibia_l.vtp'.
[2021-10-13 12:02:35.253] [warning] Couldn't find file 'l_fibula.vtp'.
[2021-10-13 12:02:35.253] [warning] Couldn't find file 'l_talus.vtp'.
[2021-10-13 12:02:35.254] [warning] Couldn't find file 'l_foot.vtp'.
[2021-10-13 12:02:35.254] [warning] Couldn't find file 'l_bofoot.vtp'.
[2021-10-13 12:02:35.254] [warning] Couldn't find file 'hat_spine.vtp'.
[2021-10-13 12:02:35.254] [warning] Couldn't find file 'hat_jaw.vtp'.
[2021-10-13 12:02:35.254] [warning] Couldn't find file 'hat_skull.vtp'.
[2021-10-13 12:02:35.254] [warning] Couldn't find file 'hat_ribs.vtp'.
[2021-10-13 12:02:35.281] [info] AbstractTool dummy_motion_mtp loading model C:\Users\u0088756\Documents\FWO\Software\ExoSim\PredSim_2D\OpenSimModel\Gait18_shorterHamstring.osim
[2021-10-13 12:02:35.300] [info] Loaded model Gait18 from file C:\Users\u0088756\Documents\FWO\Software\ExoSim\PredSim_2D\OpenSimModel\Gait18_shorterHamstring.osim
[2021-10-13 12:02:35.300] [warning] Couldn't find file 'sacrum.vtp'.
[2021-10-13 12:02:35.300] [warning] Couldn't find file 'pelvis.vtp'.
[2021-10-13 12:02:35.300] [warning] Couldn't find file 'l_pelvis.vtp'.
[2021-10-13 12:02:35.300] [warning] Couldn't find file 'femur_r.vtp'.
[2021-10-13 12:02:35.300] [warning] Couldn't find file 'tibia_r.vtp'.
[2021-10-13 12:02:35.301] [warning] Couldn't find file 'fibula.vtp'.
[2021-10-13 12:02:35.301] [warning] Couldn't find file 'talus.vtp'.
[2021-10-13 12:02:35.301] [warning] Couldn't find file 'foot.vtp'.
[2021-10-13 12:02:35.301] [warning] Couldn't find file 'bofoot.vtp'.
[2021-10-13 12:02:35.301] [warning] Couldn't find file 'femur_l.vtp'.
[2021-10-13 12:02:35.301] [warning] Couldn't find file 'tibia_l.vtp'.
[2021-10-13 12:02:35.301] [warning] Couldn't find file 'l_fibula.vtp'.
[2021-10-13 12:02:35.301] [warning] Couldn't find file 'l_talus.vtp'.
[2021-10-13 12:02:35.301] [warning] Couldn't find file 'l_foot.vtp'.
[2021-10-13 12:02:35.301] [warning] Couldn't find file 'l_bofoot.vtp'.
[2021-10-13 12:02:35.302] [warning] Couldn't find file 'hat_spine.vtp'.
[2021-10-13 12:02:35.302] [warning] Couldn't find file 'hat_jaw.vtp'.
[2021-10-13 12:02:35.302] [warning] Couldn't find file 'hat_skull.vtp'.
[2021-10-13 12:02:35.302] [warning] Couldn't find file 'hat_ribs.vtp'.
[2021-10-13 12:02:35.336] [info] No external loads will be applied (external loads file not specified).
[2021-10-13 12:02:35.358] [info] Loading coordinates from file 'C:\Users\u0088756\Documents\FWO\Software\ExoSim\PredSim_2D\Polynomials\Gait18_shorterHamstring\dummy_motion_mtp.mot'.
[2021-10-13 12:02:35.358] [info] Old version storage/motion file encountered
[2021-10-13 12:02:35.358] [info] Storage: read data file = C:\Users\u0088756\Documents\FWO\Software\ExoSim\PredSim_2D\Polynomials\Gait18_shorterHamstring\dummy_motion_mtp.mot (nr=5000 nc=13)
[2021-10-13 12:02:35.358] [info] .. assuming rotations in Degrees..
[2021-10-13 12:02:36.408] [info] Found 5000 state vectors with time stamps ranging from 0.01 to 50.0.
[2021-10-13 12:02:36.408] [info] Executing the analyses from 0.01 to 50.0...
[2021-10-13 12:02:47.489] [info] Printing results of investigation dummy_motion_mtp to C:\Users\u0088756\Documents\FWO\Software\ExoSim\PredSim_2D\Polynomials\Gait18_shorterHamstring\MuscleAnalysis
[2021-10-13 12:02:50.700] [info] Loaded model Gait18 from file C:\Users\u0088756\Documents\FWO\Software\ExoSim\PredSim_2D\OpenSimModel\Gait18_shorterHamstring.osim
[2021-10-13 12:02:50.700] [warning] Couldn't find file 'sacrum.vtp'.
[2021-10-13 12:02:50.700] [warning] Couldn't find file 'pelvis.vtp'.
[2021-10-13 12:02:50.700] [warning] Couldn't find file 'l_pelvis.vtp'.
[2021-10-13 12:02:50.700] [warning] Couldn't find file 'femur_r.vtp'.
[2021-10-13 12:02:50.701] [warning] Couldn't find file 'tibia_r.vtp'.
[2021-10-13 12:02:50.701] [warning] Couldn't find file 'fibula.vtp'.
[2021-10-13 12:02:50.701] [warning] Couldn't find file 'talus.vtp'.
[2021-10-13 12:02:50.701] [warning] Couldn't find file 'foot.vtp'.
[2021-10-13 12:02:50.701] [warning] Couldn't find file 'bofoot.vtp'.
[2021-10-13 12:02:50.701] [warning] Couldn't find file 'femur_l.vtp'.
[2021-10-13 12:02:50.701] [warning] Couldn't find file 'tibia_l.vtp'.
[2021-10-13 12:02:50.701] [warning] Couldn't find file 'l_fibula.vtp'.
[2021-10-13 12:02:50.701] [warning] Couldn't find file 'l_talus.vtp'.
[2021-10-13 12:02:50.702] [warning] Couldn't find file 'l_foot.vtp'.
[2021-10-13 12:02:50.702] [warning] Couldn't find file 'l_bofoot.vtp'.
[2021-10-13 12:02:50.702] [warning] Couldn't find file 'hat_spine.vtp'.
[2021-10-13 12:02:50.702] [warning] Couldn't find file 'hat_jaw.vtp'.
[2021-10-13 12:02:50.702] [warning] Couldn't find file 'hat_skull.vtp'.
[2021-10-13 12:02:50.702] [warning] Couldn't find file 'hat_ribs.vtp'.
[2021-10-13 12:06:43.337] [info] Loaded model subject1_scaled from file Gait18_vOsim43.osim
[2021-10-13 12:06:43.337] [warning] Couldn't find file 'sacrum.vtp'.
[2021-10-13 12:06:43.338] [warning] Couldn't find file 'pelvis.vtp'.
[2021-10-13 12:06:43.338] [warning] Couldn't find file 'l_pelvis.vtp'.
[2021-10-13 12:06:43.338] [warning] Couldn't find file 'femur_r.vtp'.
[2021-10-13 12:06:43.338] [warning] Couldn't find file 'tibia_r.vtp'.
[2021-10-13 12:06:43.338] [warning] Couldn't find file 'fibula.vtp'.
[2021-10-13 12:06:43.338] [warning] Couldn't find file 'talus.vtp'.
[2021-10-13 12:06:43.338] [warning] Couldn't find file 'foot.vtp'.
[2021-10-13 12:06:43.338] [warning] Couldn't find file 'bofoot.vtp'.
[2021-10-13 12:06:43.339] [warning] Couldn't find file 'femur_l.vtp'.
[2021-10-13 12:06:43.339] [warning] Couldn't find file 'tibia_l.vtp'.
[2021-10-13 12:06:43.339] [warning] Couldn't find file 'l_fibula.vtp'.
[2021-10-13 12:06:43.339] [warning] Couldn't find file 'l_talus.vtp'.
[2021-10-13 12:06:43.339] [warning] Couldn't find file 'l_foot.vtp'.
[2021-10-13 12:06:43.339] [warning] Couldn't find file 'l_bofoot.vtp'.
[2021-10-13 12:06:43.339] [warning] Couldn't find file 'hat_spine.vtp'.
[2021-10-13 12:06:43.339] [warning] Couldn't find file 'hat_jaw.vtp'.
[2021-10-13 12:06:43.340] [warning] Couldn't find file 'hat_skull.vtp'.
[2021-10-13 12:06:43.340] [warning] Couldn't find file 'hat_ribs.vtp'.
