[2021-10-12 11:56:33.106] [info] Loaded model subject1_scaled from file Gait18_Antoine.osim
[2021-10-12 11:56:33.106] [warning] Couldn't find file 'sacrum.vtp'.
[2021-10-12 11:56:33.106] [warning] Couldn't find file 'pelvis.vtp'.
[2021-10-12 11:56:33.106] [warning] Couldn't find file 'l_pelvis.vtp'.
[2021-10-12 11:56:33.106] [warning] Couldn't find file 'femur_r.vtp'.
[2021-10-12 11:56:33.107] [warning] Couldn't find file 'tibia_r.vtp'.
[2021-10-12 11:56:33.107] [warning] Couldn't find file 'fibula.vtp'.
[2021-10-12 11:56:33.107] [warning] Couldn't find file 'talus.vtp'.
[2021-10-12 11:56:33.107] [warning] Couldn't find file 'foot.vtp'.
[2021-10-12 11:56:33.107] [warning] Couldn't find file 'bofoot.vtp'.
[2021-10-12 11:56:33.107] [warning] Couldn't find file 'femur_l.vtp'.
[2021-10-12 11:56:33.108] [warning] Couldn't find file 'tibia_l.vtp'.
[2021-10-12 11:56:33.108] [warning] Couldn't find file 'l_fibula.vtp'.
[2021-10-12 11:56:33.108] [warning] Couldn't find file 'l_talus.vtp'.
[2021-10-12 11:56:33.108] [warning] Couldn't find file 'l_foot.vtp'.
[2021-10-12 11:56:33.108] [warning] Couldn't find file 'l_bofoot.vtp'.
[2021-10-12 11:56:33.108] [warning] Couldn't find file 'hat_spine.vtp'.
[2021-10-12 11:56:33.108] [warning] Couldn't find file 'hat_jaw.vtp'.
[2021-10-12 11:56:33.108] [warning] Couldn't find file 'hat_skull.vtp'.
[2021-10-12 11:56:33.108] [warning] Couldn't find file 'hat_ribs.vtp'.
[2021-10-12 11:58:08.836] [info] Loaded model subject1_scaled from file Gait18_Antoine.osim
[2021-10-12 11:58:08.836] [warning] Couldn't find file 'sacrum.vtp'.
[2021-10-12 11:58:08.836] [warning] Couldn't find file 'pelvis.vtp'.
[2021-10-12 11:58:08.837] [warning] Couldn't find file 'l_pelvis.vtp'.
[2021-10-12 11:58:08.837] [warning] Couldn't find file 'femur_r.vtp'.
[2021-10-12 11:58:08.837] [warning] Couldn't find file 'tibia_r.vtp'.
[2021-10-12 11:58:08.837] [warning] Couldn't find file 'fibula.vtp'.
[2021-10-12 11:58:08.837] [warning] Couldn't find file 'talus.vtp'.
[2021-10-12 11:58:08.837] [warning] Couldn't find file 'foot.vtp'.
[2021-10-12 11:58:08.837] [warning] Couldn't find file 'bofoot.vtp'.
[2021-10-12 11:58:08.837] [warning] Couldn't find file 'femur_l.vtp'.
[2021-10-12 11:58:08.837] [warning] Couldn't find file 'tibia_l.vtp'.
[2021-10-12 11:58:08.838] [warning] Couldn't find file 'l_fibula.vtp'.
[2021-10-12 11:58:08.838] [warning] Couldn't find file 'l_talus.vtp'.
[2021-10-12 11:58:08.838] [warning] Couldn't find file 'l_foot.vtp'.
[2021-10-12 11:58:08.838] [warning] Couldn't find file 'l_bofoot.vtp'.
[2021-10-12 11:58:08.838] [warning] Couldn't find file 'hat_spine.vtp'.
[2021-10-12 11:58:08.838] [warning] Couldn't find file 'hat_jaw.vtp'.
[2021-10-12 11:58:08.838] [warning] Couldn't find file 'hat_skull.vtp'.
[2021-10-12 11:58:08.838] [warning] Couldn't find file 'hat_ribs.vtp'.
[2021-10-12 11:58:17.407] [info] Loaded model subject1_scaled from file Gait18_Antoine.osim
[2021-10-12 11:58:17.408] [warning] Couldn't find file 'sacrum.vtp'.
[2021-10-12 11:58:17.408] [warning] Couldn't find file 'pelvis.vtp'.
[2021-10-12 11:58:17.408] [warning] Couldn't find file 'l_pelvis.vtp'.
[2021-10-12 11:58:17.408] [warning] Couldn't find file 'femur_r.vtp'.
[2021-10-12 11:58:17.408] [warning] Couldn't find file 'tibia_r.vtp'.
[2021-10-12 11:58:17.408] [warning] Couldn't find file 'fibula.vtp'.
[2021-10-12 11:58:17.409] [warning] Couldn't find file 'talus.vtp'.
[2021-10-12 11:58:17.409] [warning] Couldn't find file 'foot.vtp'.
[2021-10-12 11:58:17.409] [warning] Couldn't find file 'bofoot.vtp'.
[2021-10-12 11:58:17.409] [warning] Couldn't find file 'femur_l.vtp'.
[2021-10-12 11:58:17.409] [warning] Couldn't find file 'tibia_l.vtp'.
[2021-10-12 11:58:17.409] [warning] Couldn't find file 'l_fibula.vtp'.
[2021-10-12 11:58:17.409] [warning] Couldn't find file 'l_talus.vtp'.
[2021-10-12 11:58:17.410] [warning] Couldn't find file 'l_foot.vtp'.
[2021-10-12 11:58:17.410] [warning] Couldn't find file 'l_bofoot.vtp'.
[2021-10-12 11:58:17.410] [warning] Couldn't find file 'hat_spine.vtp'.
[2021-10-12 11:58:17.410] [warning] Couldn't find file 'hat_jaw.vtp'.
[2021-10-12 11:58:17.410] [warning] Couldn't find file 'hat_skull.vtp'.
[2021-10-12 11:58:17.410] [warning] Couldn't find file 'hat_ribs.vtp'.
[2021-10-12 11:59:34.661] [info] Loaded model subject1_scaled from file Gait18_Antoine.osim
[2021-10-12 11:59:34.662] [warning] Couldn't find file 'sacrum.vtp'.
[2021-10-12 11:59:34.662] [warning] Couldn't find file 'pelvis.vtp'.
[2021-10-12 11:59:34.662] [warning] Couldn't find file 'l_pelvis.vtp'.
[2021-10-12 11:59:34.662] [warning] Couldn't find file 'femur_r.vtp'.
[2021-10-12 11:59:34.662] [warning] Couldn't find file 'tibia_r.vtp'.
[2021-10-12 11:59:34.662] [warning] Couldn't find file 'fibula.vtp'.
[2021-10-12 11:59:34.663] [warning] Couldn't find file 'talus.vtp'.
[2021-10-12 11:59:34.663] [warning] Couldn't find file 'foot.vtp'.
[2021-10-12 11:59:34.663] [warning] Couldn't find file 'bofoot.vtp'.
[2021-10-12 11:59:34.663] [warning] Couldn't find file 'femur_l.vtp'.
[2021-10-12 11:59:34.663] [warning] Couldn't find file 'tibia_l.vtp'.
[2021-10-12 11:59:34.663] [warning] Couldn't find file 'l_fibula.vtp'.
[2021-10-12 11:59:34.663] [warning] Couldn't find file 'l_talus.vtp'.
[2021-10-12 11:59:34.663] [warning] Couldn't find file 'l_foot.vtp'.
[2021-10-12 11:59:34.663] [warning] Couldn't find file 'l_bofoot.vtp'.
[2021-10-12 11:59:34.664] [warning] Couldn't find file 'hat_spine.vtp'.
[2021-10-12 11:59:34.664] [warning] Couldn't find file 'hat_jaw.vtp'.
[2021-10-12 11:59:34.664] [warning] Couldn't find file 'hat_skull.vtp'.
[2021-10-12 11:59:34.664] [warning] Couldn't find file 'hat_ribs.vtp'.
[2021-10-12 11:59:44.169] [info] Loaded model subject1_scaled from file Gait18_Antoine.osim
[2021-10-12 12:03:06.691] [info] Loaded model subject1_scaled from file Gait18_Antoine.osim
[2021-10-12 12:03:13.216] [info] Loaded model subject1_scaled from file Gait18_Antoine.osim
[2021-10-12 12:03:26.244] [info] Loaded model subject1_scaled from file Gait18_Antoine.osim
[2021-10-12 12:14:15.025] [info] Loaded model subject1_scaled from file Gait18_Antoine.osim
[2021-10-12 12:14:25.360] [info] Loaded model subject1_scaled from file Gait18_Antoine.osim
[2021-10-12 12:14:51.359] [info] Loaded model subject1_scaled from file Gait18_Antoine.osim
[2021-10-12 12:15:42.385] [info] Loaded model subject1_scaled from file Gait18_Antoine.osim
[2021-10-12 12:15:51.601] [info] Loaded model subject1_scaled from file Gait18_Antoine.osim
[2021-10-12 12:16:09.755] [info] Loaded model subject1_scaled from file Gait18_Antoine.osim
[2021-10-12 12:16:56.509] [info] Loaded model subject1_scaled from file Gait18_Antoine.osim
[2021-10-12 12:17:13.726] [info] Loaded model subject1_scaled from file Gait18_Antoine.osim
[2021-10-12 12:17:14.282] [info] Loaded model subject1_scaled from file Gait18_Antoine.osim
[2021-10-12 12:17:14.952] [info] Loaded model subject1_scaled from file Gait18_Antoine.osim
[2021-10-12 12:17:15.539] [info] Loaded model subject1_scaled from file Gait18_Antoine.osim
[2021-10-12 12:17:16.108] [info] Loaded model subject1_scaled from file Gait18_Antoine.osim
[2021-10-12 12:17:38.912] [info] Loaded model subject1_scaled from file Gait18_Antoine.osim
[2021-10-12 12:18:20.545] [info] Loaded model subject1_scaled from file Gait18_Antoine.osim
[2021-10-12 12:19:20.128] [info] Loaded model subject1_scaled from file Gait18_Antoine.osim
[2021-10-12 12:19:29.189] [info] Loaded model subject1_scaled from file Gait18_Antoine.osim
[2021-10-12 12:23:36.727] [info] Loaded model subject1_scaled from file Gait18_Antoine.osim
[2021-10-12 12:25:48.037] [info] Loaded model subject1_scaled from file Gait18_Antoine.osim
[2021-10-12 12:25:59.379] [info] Loaded model subject1_scaled from file Gait18_Antoine.osim
[2021-10-12 12:26:08.553] [info] Loaded model subject1_scaled from file Gait18_Antoine.osim
[2021-10-12 12:26:44.932] [info] Loaded model subject1_scaled from file Gait18_Antoine.osim
[2021-10-12 12:26:52.964] [info] Loaded model subject1_scaled from file Gait18_Antoine.osim
[2021-10-12 12:28:05.283] [info] Loaded model subject1_scaled from file Gait18_Antoine.osim
[2021-10-12 12:29:42.698] [info] Loaded model subject1_scaled from file Gait18_Antoine.osim
[2021-10-12 12:30:09.537] [info] Loaded model subject1_scaled from file Gait18_Antoine.osim
[2021-10-12 12:30:47.003] [info] Loaded model subject1_scaled from file Gait18_Antoine.osim
[2021-10-12 12:31:47.862] [info] Loaded model subject1_scaled from file Gait18_Antoine.osim
[2021-10-12 12:32:03.708] [info] Loaded model subject1_scaled from file Gait18_Antoine.osim
[2021-10-12 13:59:07.202] [info] Loaded model subject1_scaled from file Gait18_Antoine.osim
[2021-10-12 13:59:57.450] [info] Loaded model subject1_scaled from file Gait18_Antoine.osim
[2021-10-12 13:59:58.076] [info] Loaded model subject1_scaled from file Gait18_Antoine.osim
[2021-10-12 13:59:58.695] [info] Loaded model subject1_scaled from file Gait18_Antoine.osim
[2021-10-12 13:59:59.413] [info] Loaded model subject1_scaled from file Gait18_Antoine.osim
[2021-10-12 14:00:00.071] [info] Loaded model subject1_scaled from file Gait18_Antoine.osim
[2021-10-12 14:00:20.392] [info] Loaded model subject1_scaled from file Gait18_Antoine.osim
[2021-10-12 14:00:53.755] [info] Updating Model file from 30000 to latest format...
[2021-10-12 14:00:53.778] [info] Loaded model subject1_scaled from file Gait18_subject1.osim
[2021-10-12 14:00:53.780] [warning] Couldn't find file 'femur.vtp'.
[2021-10-12 14:00:53.781] [warning] Couldn't find file 'tibia.vtp'.
[2021-10-12 14:00:53.782] [warning] Couldn't find file 'l_femur.vtp'.
[2021-10-12 14:00:53.783] [warning] Couldn't find file 'l_tibia.vtp'.
[2021-10-12 14:00:53.784] [info] ControllerSet 'Controllers' was renamed and is being reset to 'controllerset'.
[2021-10-12 14:00:53.800] [info] ComponentSet 'MiscComponents' was renamed and is being reset to 'componentset'.
[2021-10-12 14:03:03.681] [info] Updating Model file from 30000 to latest format...
[2021-10-12 14:03:03.712] [info] Loaded model subject1_scaled from file Gait18_subject1.osim
[2021-10-12 14:03:03.713] [warning] Couldn't find file 'sacrum.vtp'.
[2021-10-12 14:03:03.713] [warning] Couldn't find file 'pelvis.vtp'.
[2021-10-12 14:03:03.713] [warning] Couldn't find file 'l_pelvis.vtp'.
[2021-10-12 14:03:03.713] [warning] Couldn't find file 'femur.vtp'.
[2021-10-12 14:03:03.713] [warning] Couldn't find file 'tibia.vtp'.
[2021-10-12 14:03:03.713] [warning] Couldn't find file 'fibula.vtp'.
[2021-10-12 14:03:03.713] [warning] Couldn't find file 'talus.vtp'.
[2021-10-12 14:03:03.713] [warning] Couldn't find file 'foot.vtp'.
[2021-10-12 14:03:03.714] [warning] Couldn't find file 'bofoot.vtp'.
[2021-10-12 14:03:03.714] [warning] Couldn't find file 'l_femur.vtp'.
[2021-10-12 14:03:03.714] [warning] Couldn't find file 'l_tibia.vtp'.
[2021-10-12 14:03:03.714] [warning] Couldn't find file 'l_fibula.vtp'.
[2021-10-12 14:03:03.714] [warning] Couldn't find file 'l_talus.vtp'.
[2021-10-12 14:03:03.714] [warning] Couldn't find file 'l_foot.vtp'.
[2021-10-12 14:03:03.714] [warning] Couldn't find file 'l_bofoot.vtp'.
[2021-10-12 14:03:03.714] [warning] Couldn't find file 'hat_spine.vtp'.
[2021-10-12 14:03:03.714] [warning] Couldn't find file 'hat_jaw.vtp'.
[2021-10-12 14:03:03.715] [warning] Couldn't find file 'hat_skull.vtp'.
[2021-10-12 14:03:03.715] [warning] Couldn't find file 'hat_ribs.vtp'.
[2021-10-12 14:03:03.715] [info] ControllerSet 'Controllers' was renamed and is being reset to 'controllerset'.
[2021-10-12 14:03:03.735] [info] ComponentSet 'MiscComponents' was renamed and is being reset to 'componentset'.
[2021-10-12 14:07:25.631] [info] Loaded model subject1_scaled from file Gait18_Antoine2.osim
[2021-10-12 14:07:50.973] [info] Loaded model subject1_scaled from file Gait18_Antoine2.osim
[2021-10-12 14:27:07.818] [info] Loaded model subject1_scaled from file Gait18_Antoine2.osim
[2021-10-12 14:28:44.857] [info] Loaded model subject1_scaled from file Gait18_Antoine2.osim
[2021-10-12 14:34:51.431] [info] Loaded model subject1_scaled from file Gait18_Antoine2.osim
[2021-10-12 14:37:40.378] [info] Loaded model subject1_scaled from file Gait18_Antoine2.osim
[2021-10-12 14:37:40.378] [warning] Couldn't find file 'sacrum.vtp'.
[2021-10-12 14:37:40.378] [warning] Couldn't find file 'pelvis.vtp'.
[2021-10-12 14:37:40.378] [warning] Couldn't find file 'l_pelvis.vtp'.
[2021-10-12 14:37:40.378] [warning] Couldn't find file 'femur_r.vtp'.
[2021-10-12 14:37:40.378] [warning] Couldn't find file 'tibia_r.vtp'.
[2021-10-12 14:37:40.379] [warning] Couldn't find file 'fibula.vtp'.
[2021-10-12 14:37:40.379] [warning] Couldn't find file 'talus.vtp'.
[2021-10-12 14:37:40.379] [warning] Couldn't find file 'foot.vtp'.
[2021-10-12 14:37:40.379] [warning] Couldn't find file 'bofoot.vtp'.
[2021-10-12 14:37:40.379] [warning] Couldn't find file 'femur_l.vtp'.
[2021-10-12 14:37:40.379] [warning] Couldn't find file 'tibia_l.vtp'.
[2021-10-12 14:37:40.379] [warning] Couldn't find file 'l_fibula.vtp'.
[2021-10-12 14:37:40.379] [warning] Couldn't find file 'l_talus.vtp'.
[2021-10-12 14:37:40.379] [warning] Couldn't find file 'l_foot.vtp'.
[2021-10-12 14:37:40.380] [warning] Couldn't find file 'l_bofoot.vtp'.
[2021-10-12 14:37:40.380] [warning] Couldn't find file 'hat_spine.vtp'.
[2021-10-12 14:37:40.380] [warning] Couldn't find file 'hat_jaw.vtp'.
[2021-10-12 14:37:40.380] [warning] Couldn't find file 'hat_skull.vtp'.
[2021-10-12 14:37:40.380] [warning] Couldn't find file 'hat_ribs.vtp'.
[2021-10-12 14:37:58.396] [info] Loaded model subject1_scaled from file Gait18_Antoine2.osim
[2021-10-12 14:41:44.142] [info] Loaded model subject1_scaled from file Gait18_Antoine2.osim
[2021-10-12 14:54:49.454] [info] Updating Model file from 30000 to latest format...
[2021-10-12 14:54:49.476] [info] Loaded model subject1_scaled from file C:\Users\u0088756\Documents\FWO\Software\ExoSim\PredSim_2D\OpenSimModel\Gait18_subject1.osim
[2021-10-12 14:54:49.477] [warning] Couldn't find file 'femur.vtp'.
[2021-10-12 14:54:49.477] [warning] Couldn't find file 'tibia.vtp'.
[2021-10-12 14:54:49.477] [warning] Couldn't find file 'l_femur.vtp'.
[2021-10-12 14:54:49.478] [warning] Couldn't find file 'l_tibia.vtp'.
[2021-10-12 14:54:49.479] [info] ControllerSet 'Controllers' was renamed and is being reset to 'controllerset'.
[2021-10-12 14:54:49.499] [info] ComponentSet 'MiscComponents' was renamed and is being reset to 'componentset'.
[2021-10-12 14:57:09.168] [info] Loaded model subject1_scaled from file C:\Users\u0088756\Documents\FWO\Software\ExoSim\PredSim_2D\OpenSimModel\Gait18_Antoine2.osim
[2021-10-12 14:57:23.961] [info] Loaded model subject1_scaled from file C:\Users\u0088756\Documents\FWO\Software\ExoSim\PredSim_2D\OpenSimModel\Gait18_Antoine2.osim
[2021-10-12 16:08:13.888] [info] Loaded model subject1_scaled from file C:\Users\u0088756\Documents\FWO\Software\ExoSim\PredSim_2D\OpenSimModel\Gait18_Antoine2.osim
[2021-10-12 16:08:36.496] [info] Loaded model subject1_scaled from file C:\Users\u0088756\Documents\FWO\Software\ExoSim\PredSim_2D\OpenSimModel\Gait18_Antoine2.osim
[2021-10-12 16:19:12.949] [info] Loaded model subject1_scaled from file Gait18_Antoine2.osim
[2021-10-12 16:23:04.568] [info] Loaded model subject1_scaled from file Gait18_Antoine2.osim
[2021-10-12 16:30:37.983] [info] Loaded model subject1_scaled from file Gait18_Antoine2.osim
[2021-10-12 16:31:14.347] [info] Loaded model subject1_scaled from file Gait18_Antoine2.osim
[2021-10-12 16:43:53.701] [info] Loaded model subject1_scaled from file C:\Users\u0088756\Documents\FWO\Software\ExoSim\PredSim_2D\OpenSimModel\Gait18_Antoine2.osim
[2021-10-12 16:44:20.394] [info] Loaded model subject1_scaled from file Gait18_Antoine2.osim
[2021-10-12 16:45:31.051] [info] Loaded model subject1_scaled from file Gait18_Antoine2.osim
